#
# There is insufficient memory for the Java Runtime Environment to continue.
# Native memory allocation (mmap) failed to map 187695104 bytes for Failed to commit area from 0x00000000ec200000 to 0x00000000f7500000 of length 187695104.
# Possible reasons:
#   The system is out of physical RAM or swap space
#   The process is running with CompressedOops enabled, and the Java Heap may be blocking the growth of the native heap
# Possible solutions:
#   Reduce memory load on the system
#   Increase physical memory or swap space
#   Check if swap backing store is full
#   Decrease Java heap size (-Xmx/-Xms)
#   Decrease number of Java threads
#   Decrease Java thread stack sizes (-Xss)
#   Set larger code cache with -XX:ReservedCodeCacheSize=
#   JVM is running with Unscaled Compressed Oops mode in which the Java heap is
#     placed in the first 4GB address space. The Java Heap base address is the
#     maximum limit for the native heap growth. Please use -XX:HeapBaseMinAddress
#     to set the Java Heap base and to place the Java Heap above 4GB virtual address.
# This output file may be truncated or incomplete.
#
#  Out of Memory Error (t:/workspace/hotspot/src/os/windows/vm/os_windows.cpp:3357), pid=3572, tid=2052
#
# JRE version: Java(TM) SE Runtime Environment (9.0+11) (build 9.0.1+11)
# Java VM: Java HotSpot(TM) 64-Bit Server VM (9.0.1+11, mixed mode, tiered, compressed oops, g1 gc, windows-amd64)
# No core dump will be written. Minidumps are not enabled by default on client versions of Windows
#

---------------  S U M M A R Y ------------

Command Line: -Dfile.encoding=Cp1252 SelfDriving

Host: Intel(R) Core(TM) i3 CPU       M 370  @ 2.40GHz, 4 cores, 2G,  Windows 7 , 64 bit Build 7600 (6.1.7600.16385)
Time: Fri Jan 12 11:33:26 2018 Pacific Standard Time elapsed time: 20 seconds (0d 0h 0m 20s)

---------------  T H R E A D  ---------------

Current thread (0x00000000003c6800):  JavaThread "main" [_thread_in_vm, id=2052, stack(0x0000000002210000,0x0000000002310000)]

Stack: [0x0000000002210000,0x0000000002310000]
Native frames: (J=compiled Java code, j=interpreted, Vv=VM code, C=native code)
V  [jvm.dll+0x5870b8]
V  [jvm.dll+0x69c0ee]
V  [jvm.dll+0x69d00a]
V  [jvm.dll+0x69d643]
V  [jvm.dll+0x21d148]
V  [jvm.dll+0x584bf4]
V  [jvm.dll+0x57a005]
V  [jvm.dll+0x2cd46b]
V  [jvm.dll+0x2cd3d3]
V  [jvm.dll+0x2cd2a2]
V  [jvm.dll+0x2cf2a3]
V  [jvm.dll+0x319203]
V  [jvm.dll+0x319916]
V  [jvm.dll+0x319303]
V  [jvm.dll+0x2ae422]
V  [jvm.dll+0x2a9d74]
V  [jvm.dll+0x2af583]
V  [jvm.dll+0xb4796]
V  [jvm.dll+0xb45ed]
V  [jvm.dll+0x327a5d]
V  [jvm.dll+0x336296]
C  0x00000000091465df

Java frames: (J=compiled Java code, j=interpreted, Vv=VM code)
j  java.util.Arrays.copyOf([Ljava/lang/Object;ILjava/lang/Class;)[Ljava/lang/Object;+8 java.base@9.0.1
j  java.util.Arrays.copyOf([Ljava/lang/Object;I)[Ljava/lang/Object;+6 java.base@9.0.1
j  java.util.ArrayList.grow(I)[Ljava/lang/Object;+10 java.base@9.0.1
j  java.util.ArrayList.grow()[Ljava/lang/Object;+7 java.base@9.0.1
J 123% c2 SelfDriving.main([Ljava/lang/String;)V (67 bytes) @ 0x0000000010be997c [0x0000000010be9740+0x000000000000023c]
v  ~StubRoutines::call_stub

---------------  P R O C E S S  ---------------

Java Threads: ( => current thread )
  0x000000005f12a800 JavaThread "Service Thread" daemon [_thread_blocked, id=3556, stack(0x000000005f560000,0x000000005f660000)]
  0x000000005dfe8000 JavaThread "Common-Cleaner" daemon [_thread_blocked, id=5052, stack(0x000000005edb0000,0x000000005eeb0000)]
  0x000000005df82000 JavaThread "Sweeper thread" daemon [_thread_blocked, id=4840, stack(0x000000005ec10000,0x000000005ed10000)]
  0x000000005df81800 JavaThread "C1 CompilerThread2" daemon [_thread_blocked, id=2288, stack(0x000000005e520000,0x000000005e620000)]
  0x000000005df7e800 JavaThread "C2 CompilerThread1" daemon [_thread_blocked, id=2380, stack(0x000000005e940000,0x000000005ea40000)]
  0x000000005df76800 JavaThread "C2 CompilerThread0" daemon [_thread_blocked, id=3548, stack(0x000000005ea40000,0x000000005eb40000)]
  0x000000005df75800 JavaThread "Attach Listener" daemon [_thread_blocked, id=4272, stack(0x000000005e810000,0x000000005e910000)]
  0x000000005df74800 JavaThread "Signal Dispatcher" daemon [_thread_blocked, id=3212, stack(0x000000005e620000,0x000000005e720000)]
  0x000000005df5b800 JavaThread "Finalizer" daemon [_thread_blocked, id=4148, stack(0x000000005e3d0000,0x000000005e4d0000)]
  0x000000005df50000 JavaThread "Reference Handler" daemon [_thread_blocked, id=4876, stack(0x000000005e120000,0x000000005e220000)]
=>0x00000000003c6800 JavaThread "main" [_thread_in_vm, id=2052, stack(0x0000000002210000,0x0000000002310000)]

Other Threads:
  0x000000005df05800 VMThread "VM Thread" [stack: 0x000000005e230000,0x000000005e330000] [id=3312]
  0x000000005f12e000 WatcherThread [stack: 0x000000005f760000,0x000000005f860000] [id=3980]
  0x00000000003de800 GCTaskThread "GC Thread#0" [stack: 0x0000000018250000,0x0000000018350000] [id=3552]
  0x00000000003e0000 GCTaskThread "GC Thread#1" [stack: 0x0000000018350000,0x0000000018450000] [id=1056]
  0x00000000003e1800 GCTaskThread "GC Thread#2" [stack: 0x0000000018490000,0x0000000018590000] [id=3836]
  0x00000000003e5000 GCTaskThread "GC Thread#3" [stack: 0x00000000186d0000,0x00000000187d0000] [id=1532]
  0x0000000000418800 ConcurrentGCThread "G1 Main Marker" [stack: 0x000000001b150000,0x000000001b250000] [id=2728]
  0x0000000000419800 ConcurrentGCThread "G1 Marker#0" [stack: 0x000000001b3c0000,0x000000001b4c0000] [id=4120]
  0x00000000003ed000 ConcurrentGCThread "G1 Refine#0" [stack: 0x00000000190b0000,0x00000000191b0000] [id=3604]
  0x00000000003ea000 ConcurrentGCThread "G1 Refine#1" [stack: 0x0000000018ea0000,0x0000000018fa0000] [id=4400]
  0x00000000003e8800 ConcurrentGCThread "G1 Refine#2" [stack: 0x0000000018b50000,0x0000000018c50000] [id=2592]
  0x00000000003e7800 ConcurrentGCThread "G1 Refine#3" [stack: 0x0000000018cd0000,0x0000000018dd0000] [id=4516]
  0x00000000003ef000 ConcurrentGCThread "G1 Young RemSet Sampling" [stack: 0x00000000192e0000,0x00000000193e0000] [id=4904]

Threads with active compile tasks:

VM state:not at safepoint (normal execution)

VM Mutex/Monitor currently owned by a thread:  ([mutex/lock_event])
[0x00000000003c3ba0] Heap_lock - owner thread: 0x00000000003c6800

Heap address: 0x00000000d2200000, size: 734 MB, Compressed Oops mode: 32-bit
Narrow klass base: 0x0000000000000000, Narrow klass shift: 0
Compressed class space size: 1073741824 Address: 0x000000001d5d0000

Heap:
 garbage-first heap   total 609280K, used 204487K [0x00000000d2200000, 0x00000000d2301298, 0x0000000100000000)
  region size 1024K, 0 young (0K), 0 survivors (0K)
 Metaspace       used 3600K, capacity 4486K, committed 4864K, reserved 1056768K
  class space    used 366K, capacity 386K, committed 512K, reserved 1048576K
Heap Regions: E=young(eden), S=young(survivor), O=old, HS=humongous(starts), HC=humongous(continues), CS=collection set, F=free, A=archive, TS=gc time stamp, AC=allocation context, TAMS=top-at-mark-start (previous, next)
|   0|0x00000000d2200000, 0x00000000d22b1c00, 0x00000000d2300000| 69%| O|  |TS  1|AC  0|TAMS 0x00000000d22b1c00, 0x00000000d22b1c00|
|   1|0x00000000d2300000, 0x00000000d2300000, 0x00000000d2400000|  0%| F|  |TS  0|AC  0|TAMS 0x00000000d2300000, 0x00000000d2300000|
|   2|0x00000000d2400000, 0x00000000d2400000, 0x00000000d2500000|  0%| F|  |TS  0|AC  0|TAMS 0x00000000d2400000, 0x00000000d2400000|
|   3|0x00000000d2500000, 0x00000000d2500000, 0x00000000d2600000|  0%| F|  |TS  0|AC  0|TAMS 0x00000000d2500000, 0x00000000d2500000|
|   4|0x00000000d2600000, 0x00000000d2600000, 0x00000000d2700000|  0%| F|  |TS  0|AC  0|TAMS 0x00000000d2600000, 0x00000000d2600000|
|   5|0x00000000d2700000, 0x00000000d2700000, 0x00000000d2800000|  0%| F|  |TS  0|AC  0|TAMS 0x00000000d2700000, 0x00000000d2700000|
|   6|0x00000000d2800000, 0x00000000d2800000, 0x00000000d2900000|  0%| F|  |TS  0|AC  0|TAMS 0x00000000d2800000, 0x00000000d2800000|
|   7|0x00000000d2900000, 0x00000000d2900000, 0x00000000d2a00000|  0%| F|  |TS  0|AC  0|TAMS 0x00000000d2900000, 0x00000000d2900000|
|   8|0x00000000d2a00000, 0x00000000d2a00000, 0x00000000d2b00000|  0%| F|  |TS  0|AC  0|TAMS 0x00000000d2a00000, 0x00000000d2a00000|
|   9|0x00000000d2b00000, 0x00000000d2b00000, 0x00000000d2c00000|  0%| F|  |TS  0|AC  0|TAMS 0x00000000d2b00000, 0x00000000d2b00000|
|  10|0x00000000d2c00000, 0x00000000d2c00000, 0x00000000d2d00000|  0%| F|  |TS  0|AC  0|TAMS 0x00000000d2c00000, 0x00000000d2c00000|
|  11|0x00000000d2d00000, 0x00000000d2d00000, 0x00000000d2e00000|  0%| F|  |TS  0|AC  0|TAMS 0x00000000d2d00000, 0x00000000d2d00000|
|  12|0x00000000d2e00000, 0x00000000d2e00000, 0x00000000d2f00000|  0%| F|  |TS  0|AC  0|TAMS 0x00000000d2e00000, 0x00000000d2e00000|
|  13|0x00000000d2f00000, 0x00000000d2f00000, 0x00000000d3000000|  0%| F|  |TS  0|AC  0|TAMS 0x00000000d2f00000, 0x00000000d2f00000|
|  14|0x00000000d3000000, 0x00000000d3000000, 0x00000000d3100000|  0%| F|  |TS  0|AC  0|TAMS 0x00000000d3000000, 0x00000000d3000000|
|  15|0x00000000d3100000, 0x00000000d3100000, 0x00000000d3200000|  0%| F|  |TS  0|AC  0|TAMS 0x00000000d3100000, 0x00000000d3100000|
|  16|0x00000000d3200000, 0x00000000d3200000, 0x00000000d3300000|  0%| F|  |TS  0|AC  0|TAMS 0x00000000d3200000, 0x00000000d3200000|
|  17|0x00000000d3300000, 0x00000000d3300000, 0x00000000d3400000|  0%| F|  |TS  0|AC  0|TAMS 0x00000000d3300000, 0x00000000d3300000|
|  18|0x00000000d3400000, 0x00000000d3400000, 0x00000000d3500000|  0%| F|  |TS  0|AC  0|TAMS 0x00000000d3400000, 0x00000000d3400000|
|  19|0x00000000d3500000, 0x00000000d3500000, 0x00000000d3600000|  0%| F|  |TS  0|AC  0|TAMS 0x00000000d3500000, 0x00000000d3500000|
|  20|0x00000000d3600000, 0x00000000d3600000, 0x00000000d3700000|  0%| F|  |TS  0|AC  0|TAMS 0x00000000d3600000, 0x00000000d3600000|
|  21|0x00000000d3700000, 0x00000000d3700000, 0x00000000d3800000|  0%| F|  |TS  0|AC  0|TAMS 0x00000000d3700000, 0x00000000d3700000|
|  22|0x00000000d3800000, 0x00000000d3800000, 0x00000000d3900000|  0%| F|  |TS  0|AC  0|TAMS 0x00000000d3800000, 0x00000000d3800000|
|  23|0x00000000d3900000, 0x00000000d3900000, 0x00000000d3a00000|  0%| F|  |TS  0|AC  0|TAMS 0x00000000d3900000, 0x00000000d3900000|
|  24|0x00000000d3a00000, 0x00000000d3a00000, 0x00000000d3b00000|  0%| F|  |TS  0|AC  0|TAMS 0x00000000d3a00000, 0x00000000d3a00000|
|  25|0x00000000d3b00000, 0x00000000d3b00000, 0x00000000d3c00000|  0%| F|  |TS  0|AC  0|TAMS 0x00000000d3b00000, 0x00000000d3b00000|
|  26|0x00000000d3c00000, 0x00000000d3c00000, 0x00000000d3d00000|  0%| F|  |TS  0|AC  0|TAMS 0x00000000d3c00000, 0x00000000d3c00000|
|  27|0x00000000d3d00000, 0x00000000d3d00000, 0x00000000d3e00000|  0%| F|  |TS  0|AC  0|TAMS 0x00000000d3d00000, 0x00000000d3d00000|
|  28|0x00000000d3e00000, 0x00000000d3e00000, 0x00000000d3f00000|  0%| F|  |TS  0|AC  0|TAMS 0x00000000d3e00000, 0x00000000d3e00000|
|  29|0x00000000d3f00000, 0x00000000d3f00000, 0x00000000d4000000|  0%| F|  |TS  0|AC  0|TAMS 0x00000000d3f00000, 0x00000000d3f00000|
|  30|0x00000000d4000000, 0x00000000d4000000, 0x00000000d4100000|  0%| F|  |TS  0|AC  0|TAMS 0x00000000d4000000, 0x00000000d4000000|
|  31|0x00000000d4100000, 0x00000000d4100000, 0x00000000d4200000|  0%| F|  |TS  0|AC  0|TAMS 0x00000000d4100000, 0x00000000d4100000|
|  32|0x00000000d4200000, 0x00000000d4200000, 0x00000000d4300000|  0%| F|  |TS  0|AC  0|TAMS 0x00000000d4200000, 0x00000000d4200000|
|  33|0x00000000d4300000, 0x00000000d4300000, 0x00000000d4400000|  0%| F|  |TS  0|AC  0|TAMS 0x00000000d4300000, 0x00000000d4300000|
|  34|0x00000000d4400000, 0x00000000d4400000, 0x00000000d4500000|  0%| F|  |TS  0|AC  0|TAMS 0x00000000d4400000, 0x00000000d4400000|
|  35|0x00000000d4500000, 0x00000000d4500000, 0x00000000d4600000|  0%| F|  |TS  0|AC  0|TAMS 0x00000000d4500000, 0x00000000d4500000|
|  36|0x00000000d4600000, 0x00000000d4600000, 0x00000000d4700000|  0%| F|  |TS  0|AC  0|TAMS 0x00000000d4600000, 0x00000000d4600000|
|  37|0x00000000d4700000, 0x00000000d4700000, 0x00000000d4800000|  0%| F|  |TS  0|AC  0|TAMS 0x00000000d4700000, 0x00000000d4700000|
|  38|0x00000000d4800000, 0x00000000d4800000, 0x00000000d4900000|  0%| F|  |TS  0|AC  0|TAMS 0x00000000d4800000, 0x00000000d4800000|
|  39|0x00000000d4900000, 0x00000000d4900000, 0x00000000d4a00000|  0%| F|  |TS  0|AC  0|TAMS 0x00000000d4900000, 0x00000000d4900000|
|  40|0x00000000d4a00000, 0x00000000d4a00000, 0x00000000d4b00000|  0%| F|  |TS  0|AC  0|TAMS 0x00000000d4a00000, 0x00000000d4a00000|
|  41|0x00000000d4b00000, 0x00000000d4b00000, 0x00000000d4c00000|  0%| F|  |TS  0|AC  0|TAMS 0x00000000d4b00000, 0x00000000d4b00000|
|  42|0x00000000d4c00000, 0x00000000d4c00000, 0x00000000d4d00000|  0%| F|  |TS  0|AC  0|TAMS 0x00000000d4c00000, 0x00000000d4c00000|
|  43|0x00000000d4d00000, 0x00000000d4d00000, 0x00000000d4e00000|  0%| F|  |TS  0|AC  0|TAMS 0x00000000d4d00000, 0x00000000d4d00000|
|  44|0x00000000d4e00000, 0x00000000d4e00000, 0x00000000d4f00000|  0%| F|  |TS  0|AC  0|TAMS 0x00000000d4e00000, 0x00000000d4e00000|
|  45|0x00000000d4f00000, 0x00000000d4f00000, 0x00000000d5000000|  0%| F|  |TS  0|AC  0|TAMS 0x00000000d4f00000, 0x00000000d4f00000|
|  46|0x00000000d5000000, 0x00000000d5000000, 0x00000000d5100000|  0%| F|  |TS  0|AC  0|TAMS 0x00000000d5000000, 0x00000000d5000000|
|  47|0x00000000d5100000, 0x00000000d5100000, 0x00000000d5200000|  0%| F|  |TS  0|AC  0|TAMS 0x00000000d5100000, 0x00000000d5100000|
|  48|0x00000000d5200000, 0x00000000d5200000, 0x00000000d5300000|  0%| F|  |TS  0|AC  0|TAMS 0x00000000d5200000, 0x00000000d5200000|
|  49|0x00000000d5300000, 0x00000000d5300000, 0x00000000d5400000|  0%| F|  |TS  0|AC  0|TAMS 0x00000000d5300000, 0x00000000d5300000|
|  50|0x00000000d5400000, 0x00000000d5400000, 0x00000000d5500000|  0%| F|  |TS  0|AC  0|TAMS 0x00000000d5400000, 0x00000000d5400000|
|  51|0x00000000d5500000, 0x00000000d5500000, 0x00000000d5600000|  0%| F|  |TS  0|AC  0|TAMS 0x00000000d5500000, 0x00000000d5500000|
|  52|0x00000000d5600000, 0x00000000d5600000, 0x00000000d5700000|  0%| F|  |TS  0|AC  0|TAMS 0x00000000d5600000, 0x00000000d5600000|
|  53|0x00000000d5700000, 0x00000000d5700000, 0x00000000d5800000|  0%| F|  |TS  0|AC  0|TAMS 0x00000000d5700000, 0x00000000d5700000|
|  54|0x00000000d5800000, 0x00000000d5800000, 0x00000000d5900000|  0%| F|  |TS  0|AC  0|TAMS 0x00000000d5800000, 0x00000000d5800000|
|  55|0x00000000d5900000, 0x00000000d5900000, 0x00000000d5a00000|  0%| F|  |TS  0|AC  0|TAMS 0x00000000d5900000, 0x00000000d5900000|
|  56|0x00000000d5a00000, 0x00000000d5a00000, 0x00000000d5b00000|  0%| F|  |TS  0|AC  0|TAMS 0x00000000d5a00000, 0x00000000d5a00000|
|  57|0x00000000d5b00000, 0x00000000d5b00000, 0x00000000d5c00000|  0%| F|  |TS  0|AC  0|TAMS 0x00000000d5b00000, 0x00000000d5b00000|
|  58|0x00000000d5c00000, 0x00000000d5c00000, 0x00000000d5d00000|  0%| F|  |TS  0|AC  0|TAMS 0x00000000d5c00000, 0x00000000d5c00000|
|  59|0x00000000d5d00000, 0x00000000d5d00000, 0x00000000d5e00000|  0%| F|  |TS  0|AC  0|TAMS 0x00000000d5d00000, 0x00000000d5d00000|
|  60|0x00000000d5e00000, 0x00000000d5e00000, 0x00000000d5f00000|  0%| F|  |TS  0|AC  0|TAMS 0x00000000d5e00000, 0x00000000d5e00000|
|  61|0x00000000d5f00000, 0x00000000d5f00000, 0x00000000d6000000|  0%| F|  |TS  0|AC  0|TAMS 0x00000000d5f00000, 0x00000000d5f00000|
|  62|0x00000000d6000000, 0x00000000d6000000, 0x00000000d6100000|  0%| F|  |TS  0|AC  0|TAMS 0x00000000d6000000, 0x00000000d6000000|
|  63|0x00000000d6100000, 0x00000000d6100000, 0x00000000d6200000|  0%| F|  |TS  0|AC  0|TAMS 0x00000000d6100000, 0x00000000d6100000|
|  64|0x00000000d6200000, 0x00000000d6200000, 0x00000000d6300000|  0%| F|  |TS  0|AC  0|TAMS 0x00000000d6200000, 0x00000000d6200000|
|  65|0x00000000d6300000, 0x00000000d6300000, 0x00000000d6400000|  0%| F|  |TS  0|AC  0|TAMS 0x00000000d6300000, 0x00000000d6300000|
|  66|0x00000000d6400000, 0x00000000d6400000, 0x00000000d6500000|  0%| F|  |TS  0|AC  0|TAMS 0x00000000d6400000, 0x00000000d6400000|
|  67|0x00000000d6500000, 0x00000000d6500000, 0x00000000d6600000|  0%| F|  |TS  0|AC  0|TAMS 0x00000000d6500000, 0x00000000d6500000|
|  68|0x00000000d6600000, 0x00000000d6600000, 0x00000000d6700000|  0%| F|  |TS  0|AC  0|TAMS 0x00000000d6600000, 0x00000000d6600000|
|  69|0x00000000d6700000, 0x00000000d6700000, 0x00000000d6800000|  0%| F|  |TS  0|AC  0|TAMS 0x00000000d6700000, 0x00000000d6700000|
|  70|0x00000000d6800000, 0x00000000d6800000, 0x00000000d6900000|  0%| F|  |TS  0|AC  0|TAMS 0x00000000d6800000, 0x00000000d6800000|
|  71|0x00000000d6900000, 0x00000000d6900000, 0x00000000d6a00000|  0%| F|  |TS  0|AC  0|TAMS 0x00000000d6900000, 0x00000000d6900000|
|  72|0x00000000d6a00000, 0x00000000d6a00000, 0x00000000d6b00000|  0%| F|  |TS  0|AC  0|TAMS 0x00000000d6a00000, 0x00000000d6a00000|
|  73|0x00000000d6b00000, 0x00000000d6b00000, 0x00000000d6c00000|  0%| F|  |TS  0|AC  0|TAMS 0x00000000d6b00000, 0x00000000d6b00000|
|  74|0x00000000d6c00000, 0x00000000d6c00000, 0x00000000d6d00000|  0%| F|  |TS  0|AC  0|TAMS 0x00000000d6c00000, 0x00000000d6c00000|
|  75|0x00000000d6d00000, 0x00000000d6d00000, 0x00000000d6e00000|  0%| F|  |TS  0|AC  0|TAMS 0x00000000d6d00000, 0x00000000d6d00000|
|  76|0x00000000d6e00000, 0x00000000d6e00000, 0x00000000d6f00000|  0%| F|  |TS  0|AC  0|TAMS 0x00000000d6e00000, 0x00000000d6e00000|
|  77|0x00000000d6f00000, 0x00000000d6f00000, 0x00000000d7000000|  0%| F|  |TS  0|AC  0|TAMS 0x00000000d6f00000, 0x00000000d6f00000|
|  78|0x00000000d7000000, 0x00000000d7000000, 0x00000000d7100000|  0%| F|  |TS  0|AC  0|TAMS 0x00000000d7000000, 0x00000000d7000000|
|  79|0x00000000d7100000, 0x00000000d7100000, 0x00000000d7200000|  0%| F|  |TS  0|AC  0|TAMS 0x00000000d7100000, 0x00000000d7100000|
|  80|0x00000000d7200000, 0x00000000d7200000, 0x00000000d7300000|  0%| F|  |TS  0|AC  0|TAMS 0x00000000d7200000, 0x00000000d7200000|
|  81|0x00000000d7300000, 0x00000000d7300000, 0x00000000d7400000|  0%| F|  |TS  0|AC  0|TAMS 0x00000000d7300000, 0x00000000d7300000|
|  82|0x00000000d7400000, 0x00000000d7400000, 0x00000000d7500000|  0%| F|  |TS  0|AC  0|TAMS 0x00000000d7400000, 0x00000000d7400000|
|  83|0x00000000d7500000, 0x00000000d7500000, 0x00000000d7600000|  0%| F|  |TS  0|AC  0|TAMS 0x00000000d7500000, 0x00000000d7500000|
|  84|0x00000000d7600000, 0x00000000d7600000, 0x00000000d7700000|  0%| F|  |TS  0|AC  0|TAMS 0x00000000d7600000, 0x00000000d7600000|
|  85|0x00000000d7700000, 0x00000000d7700000, 0x00000000d7800000|  0%| F|  |TS  0|AC  0|TAMS 0x00000000d7700000, 0x00000000d7700000|
|  86|0x00000000d7800000, 0x00000000d7800000, 0x00000000d7900000|  0%| F|  |TS  0|AC  0|TAMS 0x00000000d7800000, 0x00000000d7800000|
|  87|0x00000000d7900000, 0x00000000d7900000, 0x00000000d7a00000|  0%| F|  |TS  0|AC  0|TAMS 0x00000000d7900000, 0x00000000d7900000|
|  88|0x00000000d7a00000, 0x00000000d7a00000, 0x00000000d7b00000|  0%| F|  |TS  0|AC  0|TAMS 0x00000000d7a00000, 0x00000000d7a00000|
|  89|0x00000000d7b00000, 0x00000000d7b00000, 0x00000000d7c00000|  0%| F|  |TS  0|AC  0|TAMS 0x00000000d7b00000, 0x00000000d7b00000|
|  90|0x00000000d7c00000, 0x00000000d7c00000, 0x00000000d7d00000|  0%| F|  |TS  0|AC  0|TAMS 0x00000000d7c00000, 0x00000000d7c00000|
|  91|0x00000000d7d00000, 0x00000000d7d00000, 0x00000000d7e00000|  0%| F|  |TS  0|AC  0|TAMS 0x00000000d7d00000, 0x00000000d7d00000|
|  92|0x00000000d7e00000, 0x00000000d7e00000, 0x00000000d7f00000|  0%| F|  |TS  0|AC  0|TAMS 0x00000000d7e00000, 0x00000000d7e00000|
|  93|0x00000000d7f00000, 0x00000000d7f00000, 0x00000000d8000000|  0%| F|  |TS  0|AC  0|TAMS 0x00000000d7f00000, 0x00000000d7f00000|
|  94|0x00000000d8000000, 0x00000000d8000000, 0x00000000d8100000|  0%| F|  |TS  0|AC  0|TAMS 0x00000000d8000000, 0x00000000d8000000|
|  95|0x00000000d8100000, 0x00000000d8100000, 0x00000000d8200000|  0%| F|  |TS  0|AC  0|TAMS 0x00000000d8100000, 0x00000000d8100000|
|  96|0x00000000d8200000, 0x00000000d8200000, 0x00000000d8300000|  0%| F|  |TS  0|AC  0|TAMS 0x00000000d8200000, 0x00000000d8200000|
|  97|0x00000000d8300000, 0x00000000d8300000, 0x00000000d8400000|  0%| F|  |TS  0|AC  0|TAMS 0x00000000d8300000, 0x00000000d8300000|
|  98|0x00000000d8400000, 0x00000000d8400000, 0x00000000d8500000|  0%| F|  |TS  0|AC  0|TAMS 0x00000000d8400000, 0x00000000d8400000|
|  99|0x00000000d8500000, 0x00000000d8500000, 0x00000000d8600000|  0%| F|  |TS  0|AC  0|TAMS 0x00000000d8500000, 0x00000000d8500000|
| 100|0x00000000d8600000, 0x00000000d8600000, 0x00000000d8700000|  0%| F|  |TS  0|AC  0|TAMS 0x00000000d8600000, 0x00000000d8600000|
| 101|0x00000000d8700000, 0x00000000d8700000, 0x00000000d8800000|  0%| F|  |TS  0|AC  0|TAMS 0x00000000d8700000, 0x00000000d8700000|
| 102|0x00000000d8800000, 0x00000000d8800000, 0x00000000d8900000|  0%| F|  |TS  0|AC  0|TAMS 0x00000000d8800000, 0x00000000d8800000|
| 103|0x00000000d8900000, 0x00000000d8900000, 0x00000000d8a00000|  0%| F|  |TS  0|AC  0|TAMS 0x00000000d8900000, 0x00000000d8900000|
| 104|0x00000000d8a00000, 0x00000000d8a00000, 0x00000000d8b00000|  0%| F|  |TS  0|AC  0|TAMS 0x00000000d8a00000, 0x00000000d8a00000|
| 105|0x00000000d8b00000, 0x00000000d8b00000, 0x00000000d8c00000|  0%| F|  |TS  0|AC  0|TAMS 0x00000000d8b00000, 0x00000000d8b00000|
| 106|0x00000000d8c00000, 0x00000000d8c00000, 0x00000000d8d00000|  0%| F|  |TS  0|AC  0|TAMS 0x00000000d8c00000, 0x00000000d8c00000|
| 107|0x00000000d8d00000, 0x00000000d8d00000, 0x00000000d8e00000|  0%| F|  |TS  0|AC  0|TAMS 0x00000000d8d00000, 0x00000000d8d00000|
| 108|0x00000000d8e00000, 0x00000000d8e00000, 0x00000000d8f00000|  0%| F|  |TS  0|AC  0|TAMS 0x00000000d8e00000, 0x00000000d8e00000|
| 109|0x00000000d8f00000, 0x00000000d8f00000, 0x00000000d9000000|  0%| F|  |TS  0|AC  0|TAMS 0x00000000d8f00000, 0x00000000d8f00000|
| 110|0x00000000d9000000, 0x00000000d9000000, 0x00000000d9100000|  0%| F|  |TS  0|AC  0|TAMS 0x00000000d9000000, 0x00000000d9000000|
| 111|0x00000000d9100000, 0x00000000d9100000, 0x00000000d9200000|  0%| F|  |TS  0|AC  0|TAMS 0x00000000d9100000, 0x00000000d9100000|
| 112|0x00000000d9200000, 0x00000000d9200000, 0x00000000d9300000|  0%| F|  |TS  0|AC  0|TAMS 0x00000000d9200000, 0x00000000d9200000|
| 113|0x00000000d9300000, 0x00000000d9300000, 0x00000000d9400000|  0%| F|  |TS  0|AC  0|TAMS 0x00000000d9300000, 0x00000000d9300000|
| 114|0x00000000d9400000, 0x00000000d9400000, 0x00000000d9500000|  0%| F|  |TS  0|AC  0|TAMS 0x00000000d9400000, 0x00000000d9400000|
| 115|0x00000000d9500000, 0x00000000d9500000, 0x00000000d9600000|  0%| F|  |TS  0|AC  0|TAMS 0x00000000d9500000, 0x00000000d9500000|
| 116|0x00000000d9600000, 0x00000000d9600000, 0x00000000d9700000|  0%| F|  |TS  0|AC  0|TAMS 0x00000000d9600000, 0x00000000d9600000|
| 117|0x00000000d9700000, 0x00000000d9700000, 0x00000000d9800000|  0%| F|  |TS  0|AC  0|TAMS 0x00000000d9700000, 0x00000000d9700000|
| 118|0x00000000d9800000, 0x00000000d9800000, 0x00000000d9900000|  0%| F|  |TS  0|AC  0|TAMS 0x00000000d9800000, 0x00000000d9800000|
| 119|0x00000000d9900000, 0x00000000d9900000, 0x00000000d9a00000|  0%| F|  |TS  0|AC  0|TAMS 0x00000000d9900000, 0x00000000d9900000|
| 120|0x00000000d9a00000, 0x00000000d9a00000, 0x00000000d9b00000|  0%| F|  |TS  0|AC  0|TAMS 0x00000000d9a00000, 0x00000000d9a00000|
| 121|0x00000000d9b00000, 0x00000000d9b00000, 0x00000000d9c00000|  0%| F|  |TS  0|AC  0|TAMS 0x00000000d9b00000, 0x00000000d9b00000|
| 122|0x00000000d9c00000, 0x00000000d9c00000, 0x00000000d9d00000|  0%| F|  |TS  0|AC  0|TAMS 0x00000000d9c00000, 0x00000000d9c00000|
| 123|0x00000000d9d00000, 0x00000000d9d00000, 0x00000000d9e00000|  0%| F|  |TS  0|AC  0|TAMS 0x00000000d9d00000, 0x00000000d9d00000|
| 124|0x00000000d9e00000, 0x00000000d9e00000, 0x00000000d9f00000|  0%| F|  |TS  0|AC  0|TAMS 0x00000000d9e00000, 0x00000000d9e00000|
| 125|0x00000000d9f00000, 0x00000000d9f00000, 0x00000000da000000|  0%| F|  |TS  0|AC  0|TAMS 0x00000000d9f00000, 0x00000000d9f00000|
| 126|0x00000000da000000, 0x00000000da000000, 0x00000000da100000|  0%| F|  |TS  0|AC  0|TAMS 0x00000000da000000, 0x00000000da000000|
| 127|0x00000000da100000, 0x00000000da100000, 0x00000000da200000|  0%| F|  |TS  0|AC  0|TAMS 0x00000000da100000, 0x00000000da100000|
| 128|0x00000000da200000, 0x00000000da200000, 0x00000000da300000|  0%| F|  |TS  0|AC  0|TAMS 0x00000000da200000, 0x00000000da200000|
| 129|0x00000000da300000, 0x00000000da300000, 0x00000000da400000|  0%| F|  |TS  0|AC  0|TAMS 0x00000000da300000, 0x00000000da300000|
| 130|0x00000000da400000, 0x00000000da400000, 0x00000000da500000|  0%| F|  |TS  0|AC  0|TAMS 0x00000000da400000, 0x00000000da400000|
| 131|0x00000000da500000, 0x00000000da500000, 0x00000000da600000|  0%| F|  |TS  0|AC  0|TAMS 0x00000000da500000, 0x00000000da500000|
| 132|0x00000000da600000, 0x00000000da600000, 0x00000000da700000|  0%| F|  |TS  0|AC  0|TAMS 0x00000000da600000, 0x00000000da600000|
| 133|0x00000000da700000, 0x00000000da700000, 0x00000000da800000|  0%| F|  |TS  0|AC  0|TAMS 0x00000000da700000, 0x00000000da700000|
| 134|0x00000000da800000, 0x00000000da800000, 0x00000000da900000|  0%| F|  |TS  0|AC  0|TAMS 0x00000000da800000, 0x00000000da800000|
| 135|0x00000000da900000, 0x00000000da900000, 0x00000000daa00000|  0%| F|  |TS  0|AC  0|TAMS 0x00000000da900000, 0x00000000da900000|
| 136|0x00000000daa00000, 0x00000000daa00000, 0x00000000dab00000|  0%| F|  |TS  0|AC  0|TAMS 0x00000000daa00000, 0x00000000daa00000|
| 137|0x00000000dab00000, 0x00000000dab00000, 0x00000000dac00000|  0%| F|  |TS  0|AC  0|TAMS 0x00000000dab00000, 0x00000000dab00000|
| 138|0x00000000dac00000, 0x00000000dac00000, 0x00000000dad00000|  0%| F|  |TS  0|AC  0|TAMS 0x00000000dac00000, 0x00000000dac00000|
| 139|0x00000000dad00000, 0x00000000dad00000, 0x00000000dae00000|  0%| F|  |TS  0|AC  0|TAMS 0x00000000dad00000, 0x00000000dad00000|
| 140|0x00000000dae00000, 0x00000000dae00000, 0x00000000daf00000|  0%| F|  |TS  0|AC  0|TAMS 0x00000000dae00000, 0x00000000dae00000|
| 141|0x00000000daf00000, 0x00000000daf00000, 0x00000000db000000|  0%| F|  |TS  0|AC  0|TAMS 0x00000000daf00000, 0x00000000daf00000|
| 142|0x00000000db000000, 0x00000000db000000, 0x00000000db100000|  0%| F|  |TS  0|AC  0|TAMS 0x00000000db000000, 0x00000000db000000|
| 143|0x00000000db100000, 0x00000000db100000, 0x00000000db200000|  0%| F|  |TS  0|AC  0|TAMS 0x00000000db100000, 0x00000000db100000|
| 144|0x00000000db200000, 0x00000000db200000, 0x00000000db300000|  0%| F|  |TS  0|AC  0|TAMS 0x00000000db200000, 0x00000000db200000|
| 145|0x00000000db300000, 0x00000000db300000, 0x00000000db400000|  0%| F|  |TS  0|AC  0|TAMS 0x00000000db300000, 0x00000000db300000|
| 146|0x00000000db400000, 0x00000000db400000, 0x00000000db500000|  0%| F|  |TS  0|AC  0|TAMS 0x00000000db400000, 0x00000000db400000|
| 147|0x00000000db500000, 0x00000000db500000, 0x00000000db600000|  0%| F|  |TS  0|AC  0|TAMS 0x00000000db500000, 0x00000000db500000|
| 148|0x00000000db600000, 0x00000000db600000, 0x00000000db700000|  0%| F|  |TS  0|AC  0|TAMS 0x00000000db600000, 0x00000000db600000|
| 149|0x00000000db700000, 0x00000000db700000, 0x00000000db800000|  0%| F|  |TS  0|AC  0|TAMS 0x00000000db700000, 0x00000000db700000|
| 150|0x00000000db800000, 0x00000000db800000, 0x00000000db900000|  0%| F|  |TS  0|AC  0|TAMS 0x00000000db800000, 0x00000000db800000|
| 151|0x00000000db900000, 0x00000000db900000, 0x00000000dba00000|  0%| F|  |TS  0|AC  0|TAMS 0x00000000db900000, 0x00000000db900000|
| 152|0x00000000dba00000, 0x00000000dba00000, 0x00000000dbb00000|  0%| F|  |TS  0|AC  0|TAMS 0x00000000dba00000, 0x00000000dba00000|
| 153|0x00000000dbb00000, 0x00000000dbb00000, 0x00000000dbc00000|  0%| F|  |TS  0|AC  0|TAMS 0x00000000dbb00000, 0x00000000dbb00000|
| 154|0x00000000dbc00000, 0x00000000dbc00000, 0x00000000dbd00000|  0%| F|  |TS  0|AC  0|TAMS 0x00000000dbc00000, 0x00000000dbc00000|
| 155|0x00000000dbd00000, 0x00000000dbd00000, 0x00000000dbe00000|  0%| F|  |TS  0|AC  0|TAMS 0x00000000dbd00000, 0x00000000dbd00000|
| 156|0x00000000dbe00000, 0x00000000dbe00000, 0x00000000dbf00000|  0%| F|  |TS  0|AC  0|TAMS 0x00000000dbe00000, 0x00000000dbe00000|
| 157|0x00000000dbf00000, 0x00000000dbf00000, 0x00000000dc000000|  0%| F|  |TS  0|AC  0|TAMS 0x00000000dbf00000, 0x00000000dbf00000|
| 158|0x00000000dc000000, 0x00000000dc000000, 0x00000000dc100000|  0%| F|  |TS  0|AC  0|TAMS 0x00000000dc000000, 0x00000000dc000000|
| 159|0x00000000dc100000, 0x00000000dc100000, 0x00000000dc200000|  0%| F|  |TS  0|AC  0|TAMS 0x00000000dc100000, 0x00000000dc100000|
| 160|0x00000000dc200000, 0x00000000dc200000, 0x00000000dc300000|  0%| F|  |TS  0|AC  0|TAMS 0x00000000dc200000, 0x00000000dc200000|
| 161|0x00000000dc300000, 0x00000000dc300000, 0x00000000dc400000|  0%| F|  |TS  0|AC  0|TAMS 0x00000000dc300000, 0x00000000dc300000|
| 162|0x00000000dc400000, 0x00000000dc400000, 0x00000000dc500000|  0%| F|  |TS  0|AC  0|TAMS 0x00000000dc400000, 0x00000000dc400000|
| 163|0x00000000dc500000, 0x00000000dc600000, 0x00000000dc600000|100%|HS|  |TS  0|AC  0|TAMS 0x00000000dc600000, 0x00000000dc600000|
| 164|0x00000000dc600000, 0x00000000dc700000, 0x00000000dc700000|100%|HC|  |TS  0|AC  0|TAMS 0x00000000dc700000, 0x00000000dc700000|
| 165|0x00000000dc700000, 0x00000000dc800000, 0x00000000dc800000|100%|HC|  |TS  0|AC  0|TAMS 0x00000000dc800000, 0x00000000dc800000|
| 166|0x00000000dc800000, 0x00000000dc900000, 0x00000000dc900000|100%|HC|  |TS  0|AC  0|TAMS 0x00000000dc900000, 0x00000000dc900000|
| 167|0x00000000dc900000, 0x00000000dca00000, 0x00000000dca00000|100%|HC|  |TS  0|AC  0|TAMS 0x00000000dca00000, 0x00000000dca00000|
| 168|0x00000000dca00000, 0x00000000dcb00000, 0x00000000dcb00000|100%|HC|  |TS  0|AC  0|TAMS 0x00000000dcb00000, 0x00000000dcb00000|
| 169|0x00000000dcb00000, 0x00000000dcc00000, 0x00000000dcc00000|100%|HC|  |TS  0|AC  0|TAMS 0x00000000dcc00000, 0x00000000dcc00000|
| 170|0x00000000dcc00000, 0x00000000dcd00000, 0x00000000dcd00000|100%|HC|  |TS  0|AC  0|TAMS 0x00000000dcd00000, 0x00000000dcd00000|
| 171|0x00000000dcd00000, 0x00000000dce00000, 0x00000000dce00000|100%|HC|  |TS  0|AC  0|TAMS 0x00000000dce00000, 0x00000000dce00000|
| 172|0x00000000dce00000, 0x00000000dcf00000, 0x00000000dcf00000|100%|HC|  |TS  0|AC  0|TAMS 0x00000000dcf00000, 0x00000000dcf00000|
| 173|0x00000000dcf00000, 0x00000000dd000000, 0x00000000dd000000|100%|HC|  |TS  0|AC  0|TAMS 0x00000000dd000000, 0x00000000dd000000|
| 174|0x00000000dd000000, 0x00000000dd100000, 0x00000000dd100000|100%|HC|  |TS  0|AC  0|TAMS 0x00000000dd100000, 0x00000000dd100000|
| 175|0x00000000dd100000, 0x00000000dd200000, 0x00000000dd200000|100%|HC|  |TS  0|AC  0|TAMS 0x00000000dd200000, 0x00000000dd200000|
| 176|0x00000000dd200000, 0x00000000dd300000, 0x00000000dd300000|100%|HC|  |TS  0|AC  0|TAMS 0x00000000dd300000, 0x00000000dd300000|
| 177|0x00000000dd300000, 0x00000000dd400000, 0x00000000dd400000|100%|HC|  |TS  0|AC  0|TAMS 0x00000000dd400000, 0x00000000dd400000|
| 178|0x00000000dd400000, 0x00000000dd500000, 0x00000000dd500000|100%|HC|  |TS  0|AC  0|TAMS 0x00000000dd500000, 0x00000000dd500000|
| 179|0x00000000dd500000, 0x00000000dd600000, 0x00000000dd600000|100%|HC|  |TS  0|AC  0|TAMS 0x00000000dd600000, 0x00000000dd600000|
| 180|0x00000000dd600000, 0x00000000dd700000, 0x00000000dd700000|100%|HC|  |TS  0|AC  0|TAMS 0x00000000dd700000, 0x00000000dd700000|
| 181|0x00000000dd700000, 0x00000000dd800000, 0x00000000dd800000|100%|HC|  |TS  0|AC  0|TAMS 0x00000000dd800000, 0x00000000dd800000|
| 182|0x00000000dd800000, 0x00000000dd900000, 0x00000000dd900000|100%|HC|  |TS  0|AC  0|TAMS 0x00000000dd900000, 0x00000000dd900000|
| 183|0x00000000dd900000, 0x00000000dda00000, 0x00000000dda00000|100%|HC|  |TS  0|AC  0|TAMS 0x00000000dda00000, 0x00000000dda00000|
| 184|0x00000000dda00000, 0x00000000ddb00000, 0x00000000ddb00000|100%|HC|  |TS  0|AC  0|TAMS 0x00000000ddb00000, 0x00000000ddb00000|
| 185|0x00000000ddb00000, 0x00000000ddc00000, 0x00000000ddc00000|100%|HC|  |TS  0|AC  0|TAMS 0x00000000ddc00000, 0x00000000ddc00000|
| 186|0x00000000ddc00000, 0x00000000ddd00000, 0x00000000ddd00000|100%|HC|  |TS  0|AC  0|TAMS 0x00000000ddd00000, 0x00000000ddd00000|
| 187|0x00000000ddd00000, 0x00000000dde00000, 0x00000000dde00000|100%|HC|  |TS  0|AC  0|TAMS 0x00000000dde00000, 0x00000000dde00000|
| 188|0x00000000dde00000, 0x00000000ddf00000, 0x00000000ddf00000|100%|HC|  |TS  0|AC  0|TAMS 0x00000000ddf00000, 0x00000000ddf00000|
| 189|0x00000000ddf00000, 0x00000000de000000, 0x00000000de000000|100%|HC|  |TS  0|AC  0|TAMS 0x00000000de000000, 0x00000000de000000|
| 190|0x00000000de000000, 0x00000000de100000, 0x00000000de100000|100%|HC|  |TS  0|AC  0|TAMS 0x00000000de100000, 0x00000000de100000|
| 191|0x00000000de100000, 0x00000000de200000, 0x00000000de200000|100%|HC|  |TS  0|AC  0|TAMS 0x00000000de200000, 0x00000000de200000|
| 192|0x00000000de200000, 0x00000000de300000, 0x00000000de300000|100%|HC|  |TS  0|AC  0|TAMS 0x00000000de300000, 0x00000000de300000|
| 193|0x00000000de300000, 0x00000000de400000, 0x00000000de400000|100%|HC|  |TS  0|AC  0|TAMS 0x00000000de400000, 0x00000000de400000|
| 194|0x00000000de400000, 0x00000000de500000, 0x00000000de500000|100%|HC|  |TS  0|AC  0|TAMS 0x00000000de500000, 0x00000000de500000|
| 195|0x00000000de500000, 0x00000000de600000, 0x00000000de600000|100%|HC|  |TS  0|AC  0|TAMS 0x00000000de600000, 0x00000000de600000|
| 196|0x00000000de600000, 0x00000000de700000, 0x00000000de700000|100%|HC|  |TS  0|AC  0|TAMS 0x00000000de700000, 0x00000000de700000|
| 197|0x00000000de700000, 0x00000000de800000, 0x00000000de800000|100%|HC|  |TS  0|AC  0|TAMS 0x00000000de800000, 0x00000000de800000|
| 198|0x00000000de800000, 0x00000000de900000, 0x00000000de900000|100%|HC|  |TS  0|AC  0|TAMS 0x00000000de900000, 0x00000000de900000|
| 199|0x00000000de900000, 0x00000000dea00000, 0x00000000dea00000|100%|HC|  |TS  0|AC  0|TAMS 0x00000000dea00000, 0x00000000dea00000|
| 200|0x00000000dea00000, 0x00000000deb00000, 0x00000000deb00000|100%|HC|  |TS  0|AC  0|TAMS 0x00000000deb00000, 0x00000000deb00000|
| 201|0x00000000deb00000, 0x00000000dec00000, 0x00000000dec00000|100%|HC|  |TS  0|AC  0|TAMS 0x00000000dec00000, 0x00000000dec00000|
| 202|0x00000000dec00000, 0x00000000ded00000, 0x00000000ded00000|100%|HC|  |TS  0|AC  0|TAMS 0x00000000ded00000, 0x00000000ded00000|
| 203|0x00000000ded00000, 0x00000000dee00000, 0x00000000dee00000|100%|HC|  |TS  0|AC  0|TAMS 0x00000000dee00000, 0x00000000dee00000|
| 204|0x00000000dee00000, 0x00000000def00000, 0x00000000def00000|100%|HC|  |TS  0|AC  0|TAMS 0x00000000def00000, 0x00000000def00000|
| 205|0x00000000def00000, 0x00000000df000000, 0x00000000df000000|100%|HC|  |TS  0|AC  0|TAMS 0x00000000df000000, 0x00000000df000000|
| 206|0x00000000df000000, 0x00000000df100000, 0x00000000df100000|100%|HC|  |TS  0|AC  0|TAMS 0x00000000df100000, 0x00000000df100000|
| 207|0x00000000df100000, 0x00000000df200000, 0x00000000df200000|100%|HC|  |TS  0|AC  0|TAMS 0x00000000df200000, 0x00000000df200000|
| 208|0x00000000df200000, 0x00000000df300000, 0x00000000df300000|100%|HC|  |TS  0|AC  0|TAMS 0x00000000df300000, 0x00000000df300000|
| 209|0x00000000df300000, 0x00000000df400000, 0x00000000df400000|100%|HC|  |TS  0|AC  0|TAMS 0x00000000df400000, 0x00000000df400000|
| 210|0x00000000df400000, 0x00000000df500000, 0x00000000df500000|100%|HC|  |TS  0|AC  0|TAMS 0x00000000df500000, 0x00000000df500000|
| 211|0x00000000df500000, 0x00000000df600000, 0x00000000df600000|100%|HC|  |TS  0|AC  0|TAMS 0x00000000df600000, 0x00000000df600000|
| 212|0x00000000df600000, 0x00000000df700000, 0x00000000df700000|100%|HC|  |TS  0|AC  0|TAMS 0x00000000df700000, 0x00000000df700000|
| 213|0x00000000df700000, 0x00000000df800000, 0x00000000df800000|100%|HC|  |TS  0|AC  0|TAMS 0x00000000df800000, 0x00000000df800000|
| 214|0x00000000df800000, 0x00000000df900000, 0x00000000df900000|100%|HC|  |TS  0|AC  0|TAMS 0x00000000df900000, 0x00000000df900000|
| 215|0x00000000df900000, 0x00000000dfa00000, 0x00000000dfa00000|100%|HC|  |TS  0|AC  0|TAMS 0x00000000dfa00000, 0x00000000dfa00000|
| 216|0x00000000dfa00000, 0x00000000dfb00000, 0x00000000dfb00000|100%|HC|  |TS  0|AC  0|TAMS 0x00000000dfb00000, 0x00000000dfb00000|
| 217|0x00000000dfb00000, 0x00000000dfc00000, 0x00000000dfc00000|100%|HC|  |TS  0|AC  0|TAMS 0x00000000dfc00000, 0x00000000dfc00000|
| 218|0x00000000dfc00000, 0x00000000dfd00000, 0x00000000dfd00000|100%|HC|  |TS  0|AC  0|TAMS 0x00000000dfd00000, 0x00000000dfd00000|
| 219|0x00000000dfd00000, 0x00000000dfe00000, 0x00000000dfe00000|100%|HC|  |TS  0|AC  0|TAMS 0x00000000dfe00000, 0x00000000dfe00000|
| 220|0x00000000dfe00000, 0x00000000dff00000, 0x00000000dff00000|100%|HC|  |TS  0|AC  0|TAMS 0x00000000dff00000, 0x00000000dff00000|
| 221|0x00000000dff00000, 0x00000000e0000000, 0x00000000e0000000|100%|HC|  |TS  0|AC  0|TAMS 0x00000000e0000000, 0x00000000e0000000|
| 222|0x00000000e0000000, 0x00000000e0100000, 0x00000000e0100000|100%|HC|  |TS  0|AC  0|TAMS 0x00000000e0100000, 0x00000000e0100000|
| 223|0x00000000e0100000, 0x00000000e0200000, 0x00000000e0200000|100%|HC|  |TS  0|AC  0|TAMS 0x00000000e0200000, 0x00000000e0200000|
| 224|0x00000000e0200000, 0x00000000e0300000, 0x00000000e0300000|100%|HC|  |TS  0|AC  0|TAMS 0x00000000e0300000, 0x00000000e0300000|
| 225|0x00000000e0300000, 0x00000000e0400000, 0x00000000e0400000|100%|HC|  |TS  0|AC  0|TAMS 0x00000000e0400000, 0x00000000e0400000|
| 226|0x00000000e0400000, 0x00000000e0500000, 0x00000000e0500000|100%|HC|  |TS  0|AC  0|TAMS 0x00000000e0500000, 0x00000000e0500000|
| 227|0x00000000e0500000, 0x00000000e0600000, 0x00000000e0600000|100%|HC|  |TS  0|AC  0|TAMS 0x00000000e0600000, 0x00000000e0600000|
| 228|0x00000000e0600000, 0x00000000e0700000, 0x00000000e0700000|100%|HC|  |TS  0|AC  0|TAMS 0x00000000e0700000, 0x00000000e0700000|
| 229|0x00000000e0700000, 0x00000000e0800000, 0x00000000e0800000|100%|HC|  |TS  0|AC  0|TAMS 0x00000000e0800000, 0x00000000e0800000|
| 230|0x00000000e0800000, 0x00000000e0900000, 0x00000000e0900000|100%|HC|  |TS  0|AC  0|TAMS 0x00000000e0900000, 0x00000000e0900000|
| 231|0x00000000e0900000, 0x00000000e0a00000, 0x00000000e0a00000|100%|HC|  |TS  0|AC  0|TAMS 0x00000000e0a00000, 0x00000000e0a00000|
| 232|0x00000000e0a00000, 0x00000000e0b00000, 0x00000000e0b00000|100%|HC|  |TS  0|AC  0|TAMS 0x00000000e0b00000, 0x00000000e0b00000|
| 233|0x00000000e0b00000, 0x00000000e0c00000, 0x00000000e0c00000|100%|HC|  |TS  0|AC  0|TAMS 0x00000000e0c00000, 0x00000000e0c00000|
| 234|0x00000000e0c00000, 0x00000000e0d00000, 0x00000000e0d00000|100%|HC|  |TS  0|AC  0|TAMS 0x00000000e0d00000, 0x00000000e0d00000|
| 235|0x00000000e0d00000, 0x00000000e0e00000, 0x00000000e0e00000|100%|HC|  |TS  0|AC  0|TAMS 0x00000000e0e00000, 0x00000000e0e00000|
| 236|0x00000000e0e00000, 0x00000000e0f00000, 0x00000000e0f00000|100%|HC|  |TS  0|AC  0|TAMS 0x00000000e0f00000, 0x00000000e0f00000|
| 237|0x00000000e0f00000, 0x00000000e1000000, 0x00000000e1000000|100%|HC|  |TS  0|AC  0|TAMS 0x00000000e1000000, 0x00000000e1000000|
| 238|0x00000000e1000000, 0x00000000e1100000, 0x00000000e1100000|100%|HC|  |TS  0|AC  0|TAMS 0x00000000e1100000, 0x00000000e1100000|
| 239|0x00000000e1100000, 0x00000000e1200000, 0x00000000e1200000|100%|HC|  |TS  0|AC  0|TAMS 0x00000000e1200000, 0x00000000e1200000|
| 240|0x00000000e1200000, 0x00000000e1300000, 0x00000000e1300000|100%|HC|  |TS  0|AC  0|TAMS 0x00000000e1300000, 0x00000000e1300000|
| 241|0x00000000e1300000, 0x00000000e1400000, 0x00000000e1400000|100%|HC|  |TS  0|AC  0|TAMS 0x00000000e1400000, 0x00000000e1400000|
| 242|0x00000000e1400000, 0x00000000e1500000, 0x00000000e1500000|100%|HC|  |TS  0|AC  0|TAMS 0x00000000e1500000, 0x00000000e1500000|
| 243|0x00000000e1500000, 0x00000000e1600000, 0x00000000e1600000|100%|HS|  |TS  0|AC  0|TAMS 0x00000000e1500000, 0x00000000e1600000|
| 244|0x00000000e1600000, 0x00000000e1700000, 0x00000000e1700000|100%|HC|  |TS  0|AC  0|TAMS 0x00000000e1600000, 0x00000000e1700000|
| 245|0x00000000e1700000, 0x00000000e1800000, 0x00000000e1800000|100%|HC|  |TS  0|AC  0|TAMS 0x00000000e1700000, 0x00000000e1800000|
| 246|0x00000000e1800000, 0x00000000e1900000, 0x00000000e1900000|100%|HC|  |TS  0|AC  0|TAMS 0x00000000e1800000, 0x00000000e1900000|
| 247|0x00000000e1900000, 0x00000000e1a00000, 0x00000000e1a00000|100%|HC|  |TS  0|AC  0|TAMS 0x00000000e1900000, 0x00000000e1a00000|
| 248|0x00000000e1a00000, 0x00000000e1b00000, 0x00000000e1b00000|100%|HC|  |TS  0|AC  0|TAMS 0x00000000e1a00000, 0x00000000e1b00000|
| 249|0x00000000e1b00000, 0x00000000e1c00000, 0x00000000e1c00000|100%|HC|  |TS  0|AC  0|TAMS 0x00000000e1b00000, 0x00000000e1c00000|
| 250|0x00000000e1c00000, 0x00000000e1d00000, 0x00000000e1d00000|100%|HC|  |TS  0|AC  0|TAMS 0x00000000e1c00000, 0x00000000e1d00000|
| 251|0x00000000e1d00000, 0x00000000e1e00000, 0x00000000e1e00000|100%|HC|  |TS  0|AC  0|TAMS 0x00000000e1d00000, 0x00000000e1e00000|
| 252|0x00000000e1e00000, 0x00000000e1f00000, 0x00000000e1f00000|100%|HC|  |TS  0|AC  0|TAMS 0x00000000e1e00000, 0x00000000e1f00000|
| 253|0x00000000e1f00000, 0x00000000e2000000, 0x00000000e2000000|100%|HC|  |TS  0|AC  0|TAMS 0x00000000e1f00000, 0x00000000e2000000|
| 254|0x00000000e2000000, 0x00000000e2100000, 0x00000000e2100000|100%|HC|  |TS  0|AC  0|TAMS 0x00000000e2000000, 0x00000000e2100000|
| 255|0x00000000e2100000, 0x00000000e2200000, 0x00000000e2200000|100%|HC|  |TS  0|AC  0|TAMS 0x00000000e2100000, 0x00000000e2200000|
| 256|0x00000000e2200000, 0x00000000e2300000, 0x00000000e2300000|100%|HC|  |TS  0|AC  0|TAMS 0x00000000e2200000, 0x00000000e2300000|
| 257|0x00000000e2300000, 0x00000000e2400000, 0x00000000e2400000|100%|HC|  |TS  0|AC  0|TAMS 0x00000000e2300000, 0x00000000e2400000|
| 258|0x00000000e2400000, 0x00000000e2500000, 0x00000000e2500000|100%|HC|  |TS  0|AC  0|TAMS 0x00000000e2400000, 0x00000000e2500000|
| 259|0x00000000e2500000, 0x00000000e2600000, 0x00000000e2600000|100%|HC|  |TS  0|AC  0|TAMS 0x00000000e2500000, 0x00000000e2600000|
| 260|0x00000000e2600000, 0x00000000e2700000, 0x00000000e2700000|100%|HC|  |TS  0|AC  0|TAMS 0x00000000e2600000, 0x00000000e2700000|
| 261|0x00000000e2700000, 0x00000000e2800000, 0x00000000e2800000|100%|HC|  |TS  0|AC  0|TAMS 0x00000000e2700000, 0x00000000e2800000|
| 262|0x00000000e2800000, 0x00000000e2900000, 0x00000000e2900000|100%|HC|  |TS  0|AC  0|TAMS 0x00000000e2800000, 0x00000000e2900000|
| 263|0x00000000e2900000, 0x00000000e2a00000, 0x00000000e2a00000|100%|HC|  |TS  0|AC  0|TAMS 0x00000000e2900000, 0x00000000e2a00000|
| 264|0x00000000e2a00000, 0x00000000e2b00000, 0x00000000e2b00000|100%|HC|  |TS  0|AC  0|TAMS 0x00000000e2a00000, 0x00000000e2b00000|
| 265|0x00000000e2b00000, 0x00000000e2c00000, 0x00000000e2c00000|100%|HC|  |TS  0|AC  0|TAMS 0x00000000e2b00000, 0x00000000e2c00000|
| 266|0x00000000e2c00000, 0x00000000e2d00000, 0x00000000e2d00000|100%|HC|  |TS  0|AC  0|TAMS 0x00000000e2c00000, 0x00000000e2d00000|
| 267|0x00000000e2d00000, 0x00000000e2e00000, 0x00000000e2e00000|100%|HC|  |TS  0|AC  0|TAMS 0x00000000e2d00000, 0x00000000e2e00000|
| 268|0x00000000e2e00000, 0x00000000e2f00000, 0x00000000e2f00000|100%|HC|  |TS  0|AC  0|TAMS 0x00000000e2e00000, 0x00000000e2f00000|
| 269|0x00000000e2f00000, 0x00000000e3000000, 0x00000000e3000000|100%|HC|  |TS  0|AC  0|TAMS 0x00000000e2f00000, 0x00000000e3000000|
| 270|0x00000000e3000000, 0x00000000e3100000, 0x00000000e3100000|100%|HC|  |TS  0|AC  0|TAMS 0x00000000e3000000, 0x00000000e3100000|
| 271|0x00000000e3100000, 0x00000000e3200000, 0x00000000e3200000|100%|HC|  |TS  0|AC  0|TAMS 0x00000000e3100000, 0x00000000e3200000|
| 272|0x00000000e3200000, 0x00000000e3300000, 0x00000000e3300000|100%|HC|  |TS  0|AC  0|TAMS 0x00000000e3200000, 0x00000000e3300000|
| 273|0x00000000e3300000, 0x00000000e3400000, 0x00000000e3400000|100%|HC|  |TS  0|AC  0|TAMS 0x00000000e3300000, 0x00000000e3400000|
| 274|0x00000000e3400000, 0x00000000e3500000, 0x00000000e3500000|100%|HC|  |TS  0|AC  0|TAMS 0x00000000e3400000, 0x00000000e3500000|
| 275|0x00000000e3500000, 0x00000000e3600000, 0x00000000e3600000|100%|HC|  |TS  0|AC  0|TAMS 0x00000000e3500000, 0x00000000e3600000|
| 276|0x00000000e3600000, 0x00000000e3700000, 0x00000000e3700000|100%|HC|  |TS  0|AC  0|TAMS 0x00000000e3600000, 0x00000000e3700000|
| 277|0x00000000e3700000, 0x00000000e3800000, 0x00000000e3800000|100%|HC|  |TS  0|AC  0|TAMS 0x00000000e3700000, 0x00000000e3800000|
| 278|0x00000000e3800000, 0x00000000e3900000, 0x00000000e3900000|100%|HC|  |TS  0|AC  0|TAMS 0x00000000e3800000, 0x00000000e3900000|
| 279|0x00000000e3900000, 0x00000000e3a00000, 0x00000000e3a00000|100%|HC|  |TS  0|AC  0|TAMS 0x00000000e3900000, 0x00000000e3a00000|
| 280|0x00000000e3a00000, 0x00000000e3b00000, 0x00000000e3b00000|100%|HC|  |TS  0|AC  0|TAMS 0x00000000e3a00000, 0x00000000e3b00000|
| 281|0x00000000e3b00000, 0x00000000e3c00000, 0x00000000e3c00000|100%|HC|  |TS  0|AC  0|TAMS 0x00000000e3b00000, 0x00000000e3c00000|
| 282|0x00000000e3c00000, 0x00000000e3d00000, 0x00000000e3d00000|100%|HC|  |TS  0|AC  0|TAMS 0x00000000e3c00000, 0x00000000e3d00000|
| 283|0x00000000e3d00000, 0x00000000e3e00000, 0x00000000e3e00000|100%|HC|  |TS  0|AC  0|TAMS 0x00000000e3d00000, 0x00000000e3e00000|
| 284|0x00000000e3e00000, 0x00000000e3f00000, 0x00000000e3f00000|100%|HC|  |TS  0|AC  0|TAMS 0x00000000e3e00000, 0x00000000e3f00000|
| 285|0x00000000e3f00000, 0x00000000e4000000, 0x00000000e4000000|100%|HC|  |TS  0|AC  0|TAMS 0x00000000e3f00000, 0x00000000e4000000|
| 286|0x00000000e4000000, 0x00000000e4100000, 0x00000000e4100000|100%|HC|  |TS  0|AC  0|TAMS 0x00000000e4000000, 0x00000000e4100000|
| 287|0x00000000e4100000, 0x00000000e4200000, 0x00000000e4200000|100%|HC|  |TS  0|AC  0|TAMS 0x00000000e4100000, 0x00000000e4200000|
| 288|0x00000000e4200000, 0x00000000e4300000, 0x00000000e4300000|100%|HC|  |TS  0|AC  0|TAMS 0x00000000e4200000, 0x00000000e4300000|
| 289|0x00000000e4300000, 0x00000000e4400000, 0x00000000e4400000|100%|HC|  |TS  0|AC  0|TAMS 0x00000000e4300000, 0x00000000e4400000|
| 290|0x00000000e4400000, 0x00000000e4500000, 0x00000000e4500000|100%|HC|  |TS  0|AC  0|TAMS 0x00000000e4400000, 0x00000000e4500000|
| 291|0x00000000e4500000, 0x00000000e4600000, 0x00000000e4600000|100%|HC|  |TS  0|AC  0|TAMS 0x00000000e4500000, 0x00000000e4600000|
| 292|0x00000000e4600000, 0x00000000e4700000, 0x00000000e4700000|100%|HC|  |TS  0|AC  0|TAMS 0x00000000e4600000, 0x00000000e4700000|
| 293|0x00000000e4700000, 0x00000000e4800000, 0x00000000e4800000|100%|HC|  |TS  0|AC  0|TAMS 0x00000000e4700000, 0x00000000e4800000|
| 294|0x00000000e4800000, 0x00000000e4900000, 0x00000000e4900000|100%|HC|  |TS  0|AC  0|TAMS 0x00000000e4800000, 0x00000000e4900000|
| 295|0x00000000e4900000, 0x00000000e4a00000, 0x00000000e4a00000|100%|HC|  |TS  0|AC  0|TAMS 0x00000000e4900000, 0x00000000e4a00000|
| 296|0x00000000e4a00000, 0x00000000e4b00000, 0x00000000e4b00000|100%|HC|  |TS  0|AC  0|TAMS 0x00000000e4a00000, 0x00000000e4b00000|
| 297|0x00000000e4b00000, 0x00000000e4c00000, 0x00000000e4c00000|100%|HC|  |TS  0|AC  0|TAMS 0x00000000e4b00000, 0x00000000e4c00000|
| 298|0x00000000e4c00000, 0x00000000e4d00000, 0x00000000e4d00000|100%|HC|  |TS  0|AC  0|TAMS 0x00000000e4c00000, 0x00000000e4d00000|
| 299|0x00000000e4d00000, 0x00000000e4e00000, 0x00000000e4e00000|100%|HC|  |TS  0|AC  0|TAMS 0x00000000e4d00000, 0x00000000e4e00000|
| 300|0x00000000e4e00000, 0x00000000e4f00000, 0x00000000e4f00000|100%|HC|  |TS  0|AC  0|TAMS 0x00000000e4e00000, 0x00000000e4f00000|
| 301|0x00000000e4f00000, 0x00000000e5000000, 0x00000000e5000000|100%|HC|  |TS  0|AC  0|TAMS 0x00000000e4f00000, 0x00000000e5000000|
| 302|0x00000000e5000000, 0x00000000e5100000, 0x00000000e5100000|100%|HC|  |TS  0|AC  0|TAMS 0x00000000e5000000, 0x00000000e5100000|
| 303|0x00000000e5100000, 0x00000000e5200000, 0x00000000e5200000|100%|HC|  |TS  0|AC  0|TAMS 0x00000000e5100000, 0x00000000e5200000|
| 304|0x00000000e5200000, 0x00000000e5300000, 0x00000000e5300000|100%|HC|  |TS  0|AC  0|TAMS 0x00000000e5200000, 0x00000000e5300000|
| 305|0x00000000e5300000, 0x00000000e5400000, 0x00000000e5400000|100%|HC|  |TS  0|AC  0|TAMS 0x00000000e5300000, 0x00000000e5400000|
| 306|0x00000000e5400000, 0x00000000e5500000, 0x00000000e5500000|100%|HC|  |TS  0|AC  0|TAMS 0x00000000e5400000, 0x00000000e5500000|
| 307|0x00000000e5500000, 0x00000000e5600000, 0x00000000e5600000|100%|HC|  |TS  0|AC  0|TAMS 0x00000000e5500000, 0x00000000e5600000|
| 308|0x00000000e5600000, 0x00000000e5700000, 0x00000000e5700000|100%|HC|  |TS  0|AC  0|TAMS 0x00000000e5600000, 0x00000000e5700000|
| 309|0x00000000e5700000, 0x00000000e5800000, 0x00000000e5800000|100%|HC|  |TS  0|AC  0|TAMS 0x00000000e5700000, 0x00000000e5800000|
| 310|0x00000000e5800000, 0x00000000e5900000, 0x00000000e5900000|100%|HC|  |TS  0|AC  0|TAMS 0x00000000e5800000, 0x00000000e5900000|
| 311|0x00000000e5900000, 0x00000000e5a00000, 0x00000000e5a00000|100%|HC|  |TS  0|AC  0|TAMS 0x00000000e5900000, 0x00000000e5a00000|
| 312|0x00000000e5a00000, 0x00000000e5b00000, 0x00000000e5b00000|100%|HC|  |TS  0|AC  0|TAMS 0x00000000e5a00000, 0x00000000e5b00000|
| 313|0x00000000e5b00000, 0x00000000e5c00000, 0x00000000e5c00000|100%|HC|  |TS  0|AC  0|TAMS 0x00000000e5b00000, 0x00000000e5c00000|
| 314|0x00000000e5c00000, 0x00000000e5d00000, 0x00000000e5d00000|100%|HC|  |TS  0|AC  0|TAMS 0x00000000e5c00000, 0x00000000e5d00000|
| 315|0x00000000e5d00000, 0x00000000e5e00000, 0x00000000e5e00000|100%|HC|  |TS  0|AC  0|TAMS 0x00000000e5d00000, 0x00000000e5e00000|
| 316|0x00000000e5e00000, 0x00000000e5f00000, 0x00000000e5f00000|100%|HC|  |TS  0|AC  0|TAMS 0x00000000e5e00000, 0x00000000e5f00000|
| 317|0x00000000e5f00000, 0x00000000e6000000, 0x00000000e6000000|100%|HC|  |TS  0|AC  0|TAMS 0x00000000e5f00000, 0x00000000e6000000|
| 318|0x00000000e6000000, 0x00000000e6100000, 0x00000000e6100000|100%|HC|  |TS  0|AC  0|TAMS 0x00000000e6000000, 0x00000000e6100000|
| 319|0x00000000e6100000, 0x00000000e6200000, 0x00000000e6200000|100%|HC|  |TS  0|AC  0|TAMS 0x00000000e6100000, 0x00000000e6200000|
| 320|0x00000000e6200000, 0x00000000e6300000, 0x00000000e6300000|100%|HC|  |TS  0|AC  0|TAMS 0x00000000e6200000, 0x00000000e6300000|
| 321|0x00000000e6300000, 0x00000000e6400000, 0x00000000e6400000|100%|HC|  |TS  0|AC  0|TAMS 0x00000000e6300000, 0x00000000e6400000|
| 322|0x00000000e6400000, 0x00000000e6500000, 0x00000000e6500000|100%|HC|  |TS  0|AC  0|TAMS 0x00000000e6400000, 0x00000000e6500000|
| 323|0x00000000e6500000, 0x00000000e6600000, 0x00000000e6600000|100%|HC|  |TS  0|AC  0|TAMS 0x00000000e6500000, 0x00000000e6600000|
| 324|0x00000000e6600000, 0x00000000e6700000, 0x00000000e6700000|100%|HC|  |TS  0|AC  0|TAMS 0x00000000e6600000, 0x00000000e6700000|
| 325|0x00000000e6700000, 0x00000000e6800000, 0x00000000e6800000|100%|HC|  |TS  0|AC  0|TAMS 0x00000000e6700000, 0x00000000e6800000|
| 326|0x00000000e6800000, 0x00000000e6900000, 0x00000000e6900000|100%|HC|  |TS  0|AC  0|TAMS 0x00000000e6800000, 0x00000000e6900000|
| 327|0x00000000e6900000, 0x00000000e6a00000, 0x00000000e6a00000|100%|HC|  |TS  0|AC  0|TAMS 0x00000000e6900000, 0x00000000e6a00000|
| 328|0x00000000e6a00000, 0x00000000e6b00000, 0x00000000e6b00000|100%|HC|  |TS  0|AC  0|TAMS 0x00000000e6a00000, 0x00000000e6b00000|
| 329|0x00000000e6b00000, 0x00000000e6c00000, 0x00000000e6c00000|100%|HC|  |TS  0|AC  0|TAMS 0x00000000e6b00000, 0x00000000e6c00000|
| 330|0x00000000e6c00000, 0x00000000e6d00000, 0x00000000e6d00000|100%|HC|  |TS  0|AC  0|TAMS 0x00000000e6c00000, 0x00000000e6d00000|
| 331|0x00000000e6d00000, 0x00000000e6e00000, 0x00000000e6e00000|100%|HC|  |TS  0|AC  0|TAMS 0x00000000e6d00000, 0x00000000e6e00000|
| 332|0x00000000e6e00000, 0x00000000e6f00000, 0x00000000e6f00000|100%|HC|  |TS  0|AC  0|TAMS 0x00000000e6e00000, 0x00000000e6f00000|
| 333|0x00000000e6f00000, 0x00000000e7000000, 0x00000000e7000000|100%|HC|  |TS  0|AC  0|TAMS 0x00000000e6f00000, 0x00000000e7000000|
| 334|0x00000000e7000000, 0x00000000e7100000, 0x00000000e7100000|100%|HC|  |TS  0|AC  0|TAMS 0x00000000e7000000, 0x00000000e7100000|
| 335|0x00000000e7100000, 0x00000000e7200000, 0x00000000e7200000|100%|HC|  |TS  0|AC  0|TAMS 0x00000000e7100000, 0x00000000e7200000|
| 336|0x00000000e7200000, 0x00000000e7300000, 0x00000000e7300000|100%|HC|  |TS  0|AC  0|TAMS 0x00000000e7200000, 0x00000000e7300000|
| 337|0x00000000e7300000, 0x00000000e7400000, 0x00000000e7400000|100%|HC|  |TS  0|AC  0|TAMS 0x00000000e7300000, 0x00000000e7400000|
| 338|0x00000000e7400000, 0x00000000e7500000, 0x00000000e7500000|100%|HC|  |TS  0|AC  0|TAMS 0x00000000e7400000, 0x00000000e7500000|
| 339|0x00000000e7500000, 0x00000000e7600000, 0x00000000e7600000|100%|HC|  |TS  0|AC  0|TAMS 0x00000000e7500000, 0x00000000e7600000|
| 340|0x00000000e7600000, 0x00000000e7700000, 0x00000000e7700000|100%|HC|  |TS  0|AC  0|TAMS 0x00000000e7600000, 0x00000000e7700000|
| 341|0x00000000e7700000, 0x00000000e7800000, 0x00000000e7800000|100%|HC|  |TS  0|AC  0|TAMS 0x00000000e7700000, 0x00000000e7800000|
| 342|0x00000000e7800000, 0x00000000e7900000, 0x00000000e7900000|100%|HC|  |TS  0|AC  0|TAMS 0x00000000e7800000, 0x00000000e7900000|
| 343|0x00000000e7900000, 0x00000000e7a00000, 0x00000000e7a00000|100%|HC|  |TS  0|AC  0|TAMS 0x00000000e7900000, 0x00000000e7a00000|
| 344|0x00000000e7a00000, 0x00000000e7b00000, 0x00000000e7b00000|100%|HC|  |TS  0|AC  0|TAMS 0x00000000e7a00000, 0x00000000e7b00000|
| 345|0x00000000e7b00000, 0x00000000e7c00000, 0x00000000e7c00000|100%|HC|  |TS  0|AC  0|TAMS 0x00000000e7b00000, 0x00000000e7c00000|
| 346|0x00000000e7c00000, 0x00000000e7d00000, 0x00000000e7d00000|100%|HC|  |TS  0|AC  0|TAMS 0x00000000e7c00000, 0x00000000e7d00000|
| 347|0x00000000e7d00000, 0x00000000e7e00000, 0x00000000e7e00000|100%|HC|  |TS  0|AC  0|TAMS 0x00000000e7d00000, 0x00000000e7e00000|
| 348|0x00000000e7e00000, 0x00000000e7f00000, 0x00000000e7f00000|100%|HC|  |TS  0|AC  0|TAMS 0x00000000e7e00000, 0x00000000e7f00000|
| 349|0x00000000e7f00000, 0x00000000e8000000, 0x00000000e8000000|100%|HC|  |TS  0|AC  0|TAMS 0x00000000e7f00000, 0x00000000e8000000|
| 350|0x00000000e8000000, 0x00000000e8100000, 0x00000000e8100000|100%|HC|  |TS  0|AC  0|TAMS 0x00000000e8000000, 0x00000000e8100000|
| 351|0x00000000e8100000, 0x00000000e8200000, 0x00000000e8200000|100%|HC|  |TS  0|AC  0|TAMS 0x00000000e8100000, 0x00000000e8200000|
| 352|0x00000000e8200000, 0x00000000e8300000, 0x00000000e8300000|100%|HC|  |TS  0|AC  0|TAMS 0x00000000e8200000, 0x00000000e8300000|
| 353|0x00000000e8300000, 0x00000000e8400000, 0x00000000e8400000|100%|HC|  |TS  0|AC  0|TAMS 0x00000000e8300000, 0x00000000e8400000|
| 354|0x00000000e8400000, 0x00000000e8500000, 0x00000000e8500000|100%|HC|  |TS  0|AC  0|TAMS 0x00000000e8400000, 0x00000000e8500000|
| 355|0x00000000e8500000, 0x00000000e8600000, 0x00000000e8600000|100%|HC|  |TS  0|AC  0|TAMS 0x00000000e8500000, 0x00000000e8600000|
| 356|0x00000000e8600000, 0x00000000e8700000, 0x00000000e8700000|100%|HC|  |TS  0|AC  0|TAMS 0x00000000e8600000, 0x00000000e8700000|
| 357|0x00000000e8700000, 0x00000000e8800000, 0x00000000e8800000|100%|HC|  |TS  0|AC  0|TAMS 0x00000000e8700000, 0x00000000e8800000|
| 358|0x00000000e8800000, 0x00000000e8900000, 0x00000000e8900000|100%|HC|  |TS  0|AC  0|TAMS 0x00000000e8800000, 0x00000000e8900000|
| 359|0x00000000e8900000, 0x00000000e8a00000, 0x00000000e8a00000|100%|HC|  |TS  0|AC  0|TAMS 0x00000000e8900000, 0x00000000e8a00000|
| 360|0x00000000e8a00000, 0x00000000e8b00000, 0x00000000e8b00000|100%|HC|  |TS  0|AC  0|TAMS 0x00000000e8a00000, 0x00000000e8b00000|
| 361|0x00000000e8b00000, 0x00000000e8c00000, 0x00000000e8c00000|100%|HC|  |TS  0|AC  0|TAMS 0x00000000e8b00000, 0x00000000e8c00000|
| 362|0x00000000e8c00000, 0x00000000e8c00000, 0x00000000e8d00000|  0%| F|  |TS  0|AC  0|TAMS 0x00000000e8c00000, 0x00000000e8c00000|
| 363|0x00000000e8d00000, 0x00000000e8d00000, 0x00000000e8e00000|  0%| F|  |TS  0|AC  0|TAMS 0x00000000e8d00000, 0x00000000e8d00000|
| 364|0x00000000e8e00000, 0x00000000e8e00000, 0x00000000e8f00000|  0%| F|  |TS  0|AC  0|TAMS 0x00000000e8e00000, 0x00000000e8e00000|
| 365|0x00000000e8f00000, 0x00000000e8f00000, 0x00000000e9000000|  0%| F|  |TS  0|AC  0|TAMS 0x00000000e8f00000, 0x00000000e8f00000|
| 366|0x00000000e9000000, 0x00000000e9000000, 0x00000000e9100000|  0%| F|  |TS  0|AC  0|TAMS 0x00000000e9000000, 0x00000000e9000000|
| 367|0x00000000e9100000, 0x00000000e9100000, 0x00000000e9200000|  0%| F|  |TS  0|AC  0|TAMS 0x00000000e9100000, 0x00000000e9100000|
| 368|0x00000000e9200000, 0x00000000e9200000, 0x00000000e9300000|  0%| F|  |TS  0|AC  0|TAMS 0x00000000e9200000, 0x00000000e9200000|
| 369|0x00000000e9300000, 0x00000000e9300000, 0x00000000e9400000|  0%| F|  |TS  0|AC  0|TAMS 0x00000000e9300000, 0x00000000e9300000|
| 370|0x00000000e9400000, 0x00000000e9400000, 0x00000000e9500000|  0%| F|  |TS  0|AC  0|TAMS 0x00000000e9400000, 0x00000000e9400000|
| 371|0x00000000e9500000, 0x00000000e9500000, 0x00000000e9600000|  0%| F|  |TS  0|AC  0|TAMS 0x00000000e9500000, 0x00000000e9500000|
| 372|0x00000000e9600000, 0x00000000e9600000, 0x00000000e9700000|  0%| F|  |TS  0|AC  0|TAMS 0x00000000e9600000, 0x00000000e9600000|
| 373|0x00000000e9700000, 0x00000000e9700000, 0x00000000e9800000|  0%| F|  |TS  0|AC  0|TAMS 0x00000000e9700000, 0x00000000e9700000|
| 374|0x00000000e9800000, 0x00000000e9800000, 0x00000000e9900000|  0%| F|  |TS  0|AC  0|TAMS 0x00000000e9800000, 0x00000000e9800000|
| 375|0x00000000e9900000, 0x00000000e9900000, 0x00000000e9a00000|  0%| F|  |TS  0|AC  0|TAMS 0x00000000e9900000, 0x00000000e9900000|
| 376|0x00000000e9a00000, 0x00000000e9a00000, 0x00000000e9b00000|  0%| F|  |TS  0|AC  0|TAMS 0x00000000e9a00000, 0x00000000e9a00000|
| 377|0x00000000e9b00000, 0x00000000e9b00000, 0x00000000e9c00000|  0%| F|  |TS  0|AC  0|TAMS 0x00000000e9b00000, 0x00000000e9b00000|
| 378|0x00000000e9c00000, 0x00000000e9c00000, 0x00000000e9d00000|  0%| F|  |TS  0|AC  0|TAMS 0x00000000e9c00000, 0x00000000e9c00000|
| 379|0x00000000e9d00000, 0x00000000e9d00000, 0x00000000e9e00000|  0%| F|  |TS  0|AC  0|TAMS 0x00000000e9d00000, 0x00000000e9d00000|
| 380|0x00000000e9e00000, 0x00000000e9e00000, 0x00000000e9f00000|  0%| F|  |TS  0|AC  0|TAMS 0x00000000e9e00000, 0x00000000e9e00000|
| 381|0x00000000e9f00000, 0x00000000e9f00000, 0x00000000ea000000|  0%| F|  |TS  0|AC  0|TAMS 0x00000000e9f00000, 0x00000000e9f00000|
| 382|0x00000000ea000000, 0x00000000ea000000, 0x00000000ea100000|  0%| F|  |TS  0|AC  0|TAMS 0x00000000ea000000, 0x00000000ea000000|
| 383|0x00000000ea100000, 0x00000000ea100000, 0x00000000ea200000|  0%| F|  |TS  0|AC  0|TAMS 0x00000000ea100000, 0x00000000ea100000|
| 384|0x00000000ea200000, 0x00000000ea200000, 0x00000000ea300000|  0%| F|  |TS  0|AC  0|TAMS 0x00000000ea200000, 0x00000000ea200000|
| 385|0x00000000ea300000, 0x00000000ea300000, 0x00000000ea400000|  0%| F|  |TS  0|AC  0|TAMS 0x00000000ea300000, 0x00000000ea300000|
| 386|0x00000000ea400000, 0x00000000ea400000, 0x00000000ea500000|  0%| F|  |TS  0|AC  0|TAMS 0x00000000ea400000, 0x00000000ea400000|
| 387|0x00000000ea500000, 0x00000000ea500000, 0x00000000ea600000|  0%| F|  |TS  0|AC  0|TAMS 0x00000000ea500000, 0x00000000ea500000|
| 388|0x00000000ea600000, 0x00000000ea600000, 0x00000000ea700000|  0%| F|  |TS  0|AC  0|TAMS 0x00000000ea600000, 0x00000000ea600000|
| 389|0x00000000ea700000, 0x00000000ea700000, 0x00000000ea800000|  0%| F|  |TS  0|AC  0|TAMS 0x00000000ea700000, 0x00000000ea700000|
| 390|0x00000000ea800000, 0x00000000ea800000, 0x00000000ea900000|  0%| F|  |TS  0|AC  0|TAMS 0x00000000ea800000, 0x00000000ea800000|
| 391|0x00000000ea900000, 0x00000000ea900000, 0x00000000eaa00000|  0%| F|  |TS  0|AC  0|TAMS 0x00000000ea900000, 0x00000000ea900000|
| 392|0x00000000eaa00000, 0x00000000eaa00000, 0x00000000eab00000|  0%| F|  |TS  0|AC  0|TAMS 0x00000000eaa00000, 0x00000000eaa00000|
| 393|0x00000000eab00000, 0x00000000eab00000, 0x00000000eac00000|  0%| F|  |TS  0|AC  0|TAMS 0x00000000eab00000, 0x00000000eab00000|
| 394|0x00000000eac00000, 0x00000000eac00000, 0x00000000ead00000|  0%| F|  |TS  0|AC  0|TAMS 0x00000000eac00000, 0x00000000eac00000|
| 395|0x00000000ead00000, 0x00000000ead00000, 0x00000000eae00000|  0%| F|  |TS  0|AC  0|TAMS 0x00000000ead00000, 0x00000000ead00000|
| 396|0x00000000eae00000, 0x00000000eae00000, 0x00000000eaf00000|  0%| F|  |TS  0|AC  0|TAMS 0x00000000eae00000, 0x00000000eae00000|
| 397|0x00000000eaf00000, 0x00000000eaf00000, 0x00000000eb000000|  0%| F|  |TS  0|AC  0|TAMS 0x00000000eaf00000, 0x00000000eaf00000|
| 398|0x00000000eb000000, 0x00000000eb000000, 0x00000000eb100000|  0%| F|  |TS  0|AC  0|TAMS 0x00000000eb000000, 0x00000000eb000000|
| 399|0x00000000eb100000, 0x00000000eb100000, 0x00000000eb200000|  0%| F|  |TS  0|AC  0|TAMS 0x00000000eb100000, 0x00000000eb100000|
| 400|0x00000000eb200000, 0x00000000eb200000, 0x00000000eb300000|  0%| F|  |TS  0|AC  0|TAMS 0x00000000eb200000, 0x00000000eb200000|
| 401|0x00000000eb300000, 0x00000000eb300000, 0x00000000eb400000|  0%| F|  |TS  0|AC  0|TAMS 0x00000000eb300000, 0x00000000eb300000|
| 402|0x00000000eb400000, 0x00000000eb400000, 0x00000000eb500000|  0%| F|  |TS  0|AC  0|TAMS 0x00000000eb400000, 0x00000000eb400000|
| 403|0x00000000eb500000, 0x00000000eb500000, 0x00000000eb600000|  0%| F|  |TS  0|AC  0|TAMS 0x00000000eb500000, 0x00000000eb500000|
| 404|0x00000000eb600000, 0x00000000eb600000, 0x00000000eb700000|  0%| F|  |TS  0|AC  0|TAMS 0x00000000eb600000, 0x00000000eb600000|
| 405|0x00000000eb700000, 0x00000000eb700000, 0x00000000eb800000|  0%| F|  |TS  0|AC  0|TAMS 0x00000000eb700000, 0x00000000eb700000|
| 406|0x00000000eb800000, 0x00000000eb800000, 0x00000000eb900000|  0%| F|  |TS  0|AC  0|TAMS 0x00000000eb800000, 0x00000000eb800000|
| 407|0x00000000eb900000, 0x00000000eb900000, 0x00000000eba00000|  0%| F|  |TS  0|AC  0|TAMS 0x00000000eb900000, 0x00000000eb900000|
| 408|0x00000000eba00000, 0x00000000eba00000, 0x00000000ebb00000|  0%| F|  |TS  0|AC  0|TAMS 0x00000000eba00000, 0x00000000eba00000|
| 409|0x00000000ebb00000, 0x00000000ebb00000, 0x00000000ebc00000|  0%| F|  |TS  0|AC  0|TAMS 0x00000000ebb00000, 0x00000000ebb00000|
| 410|0x00000000ebc00000, 0x00000000ebc00000, 0x00000000ebd00000|  0%| F|  |TS  0|AC  0|TAMS 0x00000000ebc00000, 0x00000000ebc00000|
| 411|0x00000000ebd00000, 0x00000000ebd00000, 0x00000000ebe00000|  0%| F|  |TS  0|AC  0|TAMS 0x00000000ebd00000, 0x00000000ebd00000|
| 412|0x00000000ebe00000, 0x00000000ebe00000, 0x00000000ebf00000|  0%| F|  |TS  0|AC  0|TAMS 0x00000000ebe00000, 0x00000000ebe00000|
| 413|0x00000000ebf00000, 0x00000000ebf00000, 0x00000000ec000000|  0%| F|  |TS  0|AC  0|TAMS 0x00000000ebf00000, 0x00000000ebf00000|
| 414|0x00000000ec000000, 0x00000000ec000000, 0x00000000ec100000|  0%| F|  |TS  0|AC  0|TAMS 0x00000000ec000000, 0x00000000ec000000|
| 415|0x00000000ec100000, 0x00000000ec100000, 0x00000000ec200000|  0%| F|  |TS  0|AC  0|TAMS 0x00000000ec100000, 0x00000000ec100000|

Card table byte_map: [0x00000000196c0000,0x0000000019830000] byte_map_base: 0x000000001902f000

Marking Bits (Prev, Next): (CMBitMap*) 0x0000000000417b58, (CMBitMap*) 0x0000000000417b20
 Prev Bits: [0x000000001a520000, 0x000000001b098000)
 Next Bits: [0x00000000199a0000, 0x000000001a518000)

Polling page: 0x00000000000e0000

CodeHeap 'non-profiled nmethods': size=120064Kb used=39Kb max_used=39Kb free=120024Kb
 bounds [0x0000000010be0000, 0x0000000010e50000, 0x0000000018120000]
CodeHeap 'profiled nmethods': size=120000Kb used=154Kb max_used=154Kb free=119845Kb
 bounds [0x00000000096b0000, 0x0000000009920000, 0x0000000010be0000]
CodeHeap 'non-nmethods': size=5696Kb used=1143Kb max_used=1155Kb free=4553Kb
 bounds [0x0000000009120000, 0x0000000009390000, 0x00000000096b0000]
 total_blobs=451 nmethods=123 adapters=175
 compilation: enabled

Compilation events (10 events):
Event: 1.294 Thread 0x000000005df76800 nmethod 119 0x0000000010be8610 code [0x0000000010be87a0, 0x0000000010be8818]
Event: 1.297 Thread 0x000000005df7e800 nmethod 118 0x0000000010be8890 code [0x0000000010be8a40, 0x0000000010be8c28]
Event: 1.299 Thread 0x000000005df81800  120 %     3       SelfDriving::main @ 16 (67 bytes)
Event: 1.301 Thread 0x000000005df81800 nmethod 120% 0x00000000096d3a10 code [0x00000000096d3cc0, 0x00000000096d4b68]
Event: 1.301 Thread 0x000000005df81800  121       3       SelfDriving::main (67 bytes)
Event: 1.302 Thread 0x000000005df81800 nmethod 121 0x00000000096d5190 code [0x00000000096d5440, 0x00000000096d6288]
Event: 1.303 Thread 0x000000005df76800  122 %     4       SelfDriving::main @ 37 (67 bytes)
Event: 1.312 Thread 0x000000005df76800 nmethod 122% 0x0000000010be8d90 code [0x0000000010be8f40, 0x0000000010be92a8]
Event: 1.315 Thread 0x000000005df7e800  123 %     4       SelfDriving::main @ 16 (67 bytes)
Event: 1.324 Thread 0x000000005df7e800 nmethod 123% 0x0000000010be9590 code [0x0000000010be9740, 0x0000000010be9ac8]

GC Heap History (10 events):
Event: 2.591 GC heap before
{Heap before GC invocations=6 (full 0):
 garbage-first heap   total 63488K, used 28359K [0x00000000d2200000, 0x00000000d23001f0, 0x0000000100000000)
  region size 1024K, 0 young (0K), 0 survivors (0K)
 Metaspace       used 3600K, capacity 4486K, committed 4864K, reserved 1056768K
  class space    used 366K, capacity 386K, committed 512K, reserved 1048576K
}
Event: 2.606 GC heap after
{Heap after GC invocations=7 (full 0):
 garbage-first heap   total 63488K, used 28359K [0x00000000d2200000, 0x00000000d23001f0, 0x0000000100000000)
  region size 1024K, 0 young (0K), 0 survivors (0K)
 Metaspace       used 3600K, capacity 4486K, committed 4864K, reserved 1056768K
  class space    used 366K, capacity 386K, committed 512K, reserved 1048576K
}
Event: 2.923 GC heap before
{Heap before GC invocations=8 (full 0):
 garbage-first heap   total 88064K, used 41671K [0x00000000d2200000, 0x00000000d23002b0, 0x0000000100000000)
  region size 1024K, 0 young (0K), 0 survivors (0K)
 Metaspace       used 3600K, capacity 4486K, committed 4864K, reserved 1056768K
  class space    used 366K, capacity 386K, committed 512K, reserved 1048576K
}
Event: 2.968 GC heap after
{Heap after GC invocations=9 (full 0):
 garbage-first heap   total 88064K, used 41671K [0x00000000d2200000, 0x00000000d23002b0, 0x0000000100000000)
  region size 1024K, 0 young (0K), 0 survivors (0K)
 Metaspace       used 3600K, capacity 4486K, committed 4864K, reserved 1056768K
  class space    used 366K, capacity 386K, committed 512K, reserved 1048576K
}
Event: 3.778 GC heap before
{Heap before GC invocations=10 (full 0):
 garbage-first heap   total 179200K, used 116423K [0x00000000d2200000, 0x00000000d2300578, 0x0000000100000000)
  region size 1024K, 0 young (0K), 0 survivors (0K)
 Metaspace       used 3600K, capacity 4486K, committed 4864K, reserved 1056768K
  class space    used 366K, capacity 386K, committed 512K, reserved 1048576K
}
Event: 3.826 GC heap after
{Heap after GC invocations=11 (full 0):
 garbage-first heap   total 304128K, used 116423K [0x00000000d2200000, 0x00000000d2300948, 0x0000000100000000)
  region size 1024K, 0 young (0K), 0 survivors (0K)
 Metaspace       used 3600K, capacity 4486K, committed 4864K, reserved 1056768K
  class space    used 366K, capacity 386K, committed 512K, reserved 1048576K
}
Event: 5.356 GC heap before
{Heap before GC invocations=12 (full 0):
 garbage-first heap   total 304128K, used 136903K [0x00000000d2200000, 0x00000000d2300948, 0x0000000100000000)
  region size 1024K, 0 young (0K), 0 survivors (0K)
 Metaspace       used 3600K, capacity 4486K, committed 4864K, reserved 1056768K
  class space    used 366K, capacity 386K, committed 512K, reserved 1048576K
}
Event: 5.368 GC heap after
{Heap after GC invocations=13 (full 0):
 garbage-first heap   total 304128K, used 136903K [0x00000000d2200000, 0x00000000d2300948, 0x0000000100000000)
  region size 1024K, 0 young (0K), 0 survivors (0K)
 Metaspace       used 3600K, capacity 4486K, committed 4864K, reserved 1056768K
  class space    used 366K, capacity 386K, committed 512K, reserved 1048576K
}
Event: 13.135 GC heap before
{Heap before GC invocations=14 (full 0):
 garbage-first heap   total 425984K, used 204487K [0x00000000d2200000, 0x00000000d2300d00, 0x0000000100000000)
  region size 1024K, 0 young (0K), 0 survivors (0K)
 Metaspace       used 3600K, capacity 4486K, committed 4864K, reserved 1056768K
  class space    used 366K, capacity 386K, committed 512K, reserved 1048576K
}
Event: 13.142 GC heap after
{Heap after GC invocations=15 (full 0):
 garbage-first heap   total 425984K, used 204487K [0x00000000d2200000, 0x00000000d2300d00, 0x0000000100000000)
  region size 1024K, 0 young (0K), 0 survivors (0K)
 Metaspace       used 3600K, capacity 4486K, committed 4864K, reserved 1056768K
  class space    used 366K, capacity 386K, committed 512K, reserved 1048576K
}

Deoptimization events (0 events):
No events

Classes redefined (0 events):
No events

Internal exceptions (0 events):
No events

Events (10 events):
Event: 5.356 Executing VM operation: G1IncCollectionPause
Event: 5.368 Executing VM operation: G1IncCollectionPause done
Event: 5.449 Executing VM operation: EnableBiasedLocking
Event: 12.636 Executing VM operation: EnableBiasedLocking done
Event: 12.944 Executing VM operation: CGC_Operation
Event: 12.946 Executing VM operation: CGC_Operation done
Event: 12.947 Executing VM operation: CGC_Operation
Event: 12.948 Executing VM operation: CGC_Operation done
Event: 13.135 Executing VM operation: G1IncCollectionPause
Event: 13.142 Executing VM operation: G1IncCollectionPause done


Dynamic libraries:
0x000000013f760000 - 0x000000013f79e000 	C:\Program Files\Java\jre-9.0.1\bin\javaw.exe
0x0000000077030000 - 0x00000000771db000 	C:\Windows\SYSTEM32\ntdll.dll
0x0000000076e10000 - 0x0000000076f2f000 	C:\Windows\system32\kernel32.dll
0x000007fefd040000 - 0x000007fefd0ab000 	C:\Windows\system32\KERNELBASE.dll
0x000007feff260000 - 0x000007feff33b000 	C:\Windows\system32\ADVAPI32.dll
0x000007fefd8d0000 - 0x000007fefd96f000 	C:\Windows\system32\msvcrt.dll
0x000007fefdc00000 - 0x000007fefdc1f000 	C:\Windows\SYSTEM32\sechost.dll
0x000007feff090000 - 0x000007feff1be000 	C:\Windows\system32\RPCRT4.dll
0x0000000076f30000 - 0x000000007702a000 	C:\Windows\system32\USER32.dll
0x000007fefd660000 - 0x000007fefd6c7000 	C:\Windows\system32\GDI32.dll
0x000007feff080000 - 0x000007feff08e000 	C:\Windows\system32\LPK.dll
0x000007fefdc30000 - 0x000007fefdcfa000 	C:\Windows\system32\USP10.dll
0x000007fefb630000 - 0x000007fefb824000 	C:\Windows\WinSxS\amd64_microsoft.windows.common-controls_6595b64144ccf1df_6.0.7600.16385_none_fa645303170382f6\COMCTL32.dll
0x000007fefe0f0000 - 0x000007fefe161000 	C:\Windows\system32\SHLWAPI.dll
0x000007fefc100000 - 0x000007fefc10c000 	C:\Windows\system32\VERSION.dll
0x000007fefd970000 - 0x000007fefd99e000 	C:\Windows\system32\IMM32.DLL
0x000007fefd7c0000 - 0x000007fefd8c9000 	C:\Windows\system32\MSCTF.dll
0x000007fef6620000 - 0x000007fef670f000 	C:\Program Files\Java\jre-9.0.1\bin\msvcr120.dll
0x000007fef8380000 - 0x000007fef8426000 	C:\Program Files\Java\jre-9.0.1\bin\msvcp120.dll
0x0000000070e70000 - 0x0000000071894000 	C:\Program Files\Java\jre-9.0.1\bin\server\jvm.dll
0x000007fefaf50000 - 0x000007fefaf59000 	C:\Windows\system32\WSOCK32.dll
0x000007fefd9a0000 - 0x000007fefd9ed000 	C:\Windows\system32\WS2_32.dll
0x000007fefdc20000 - 0x000007fefdc28000 	C:\Windows\system32\NSI.dll
0x000007fefab10000 - 0x000007fefab4b000 	C:\Windows\system32\WINMM.dll
0x00000000771f0000 - 0x00000000771f7000 	C:\Windows\system32\PSAPI.DLL
0x000007fefaf60000 - 0x000007fefaf6f000 	C:\Program Files\Java\jre-9.0.1\bin\verify.dll
0x000007fefa830000 - 0x000007fefa857000 	C:\Program Files\Java\jre-9.0.1\bin\java.dll
0x000007fefa810000 - 0x000007fefa826000 	C:\Program Files\Java\jre-9.0.1\bin\zip.dll
0x000007fefa800000 - 0x000007fefa80a000 	C:\Program Files\Java\jre-9.0.1\bin\jimage.dll
0x000007fefe170000 - 0x000007fefeef6000 	C:\Windows\system32\SHELL32.dll
0x000007fefdee0000 - 0x000007fefe0e1000 	C:\Windows\system32\ole32.dll
0x000007fefcf90000 - 0x000007fefcf9f000 	C:\Windows\system32\profapi.dll
0x000007fefa7e0000 - 0x000007fefa7fa000 	C:\Program Files\Java\jre-9.0.1\bin\net.dll
0x000007fef9010000 - 0x000007fef907e000 	C:\Windows\system32\WINHTTP.dll
0x000007fef8fa0000 - 0x000007fef9004000 	C:\Windows\system32\webio.dll
0x000007fefc800000 - 0x000007fefc854000 	C:\Windows\system32\mswsock.dll
0x000007fefc7f0000 - 0x000007fefc7f7000 	C:\Windows\System32\wship6.dll
0x000007fefa7c0000 - 0x000007fefa7d1000 	C:\Program Files\Java\jre-9.0.1\bin\nio.dll
0x000007fef4940000 - 0x000007fef4a65000 	C:\Windows\system32\dbghelp.dll

VM Arguments:
jvm_args: -Dfile.encoding=Cp1252 
java_command: SelfDriving
java_class_path (initial): D:\projects\practiceAlgorithum\Sum\bin
Launcher Type: SUN_STANDARD

Logging:
Log output configuration:
#0: stdout all=warning uptime,level,tags
#1: stderr all=off uptime,level,tags

Environment Variables:
PATH=C:\ProgramData\Oracle\Java\javapath;C:\Windows\system32;C:\Windows;C:\Windows\System32\Wbem;C:\Windows\System32\WindowsPowerShell\v1.0\;C:\Program Files\Git\cmd;C:\Program Files\nodejs\;C:\Program Files\Java\jdk-9.0.1\bin;C:\Program Files\Java\jre-9.0.1\bin;C:\Users\admin\AppData\Local\Programs\Python\Python35;C:\Users\admin\AppData\Roaming\npm
USERNAME=admin
OS=Windows_NT
PROCESSOR_IDENTIFIER=Intel64 Family 6 Model 37 Stepping 5, GenuineIntel



---------------  S Y S T E M  ---------------

OS: Windows 7 , 64 bit Build 7600 (6.1.7600.16385)

CPU:total 4 (initial active 4) (2 cores per cpu, 2 threads per core) family 6 model 37 stepping 5, cmov, cx8, fxsr, mmx, sse, sse2, sse3, ssse3, sse4.1, sse4.2, popcnt, ht, tsc, tscinvbit

Memory: 4k page, physical 3004272k(89912k free), swap 6036072k(242308k free)

vm_info: Java HotSpot(TM) 64-Bit Server VM (9.0.1+11) for windows-amd64 JRE (9.0.1+11), built on Sep 28 2017 04:54:03 by "mach5one" with MS VC++ 12.0 (VS2013)

END.
